<?xml version="1.0" encoding="UTF-8"?>
<robot generator="Robot 4.1.3 (Python 3.10.1 on win32)" generated="20220127 11:45:31.456" rpa="false" schemaversion="2">
<suite id="s1" name="UsandoIFs" source="C:\CursoRobot\Estruturas\UsandoIFs.robot">
<test id="s1-t1" name="Caso de teste exemplo 01">
<kw name="Rodando uma keyword dada uma condição = true">
<kw name="Run Keyword If" library="BuiltIn">
<arg>'${FRUTAS[1]}' == 'banana'</arg>
<arg>Log</arg>
<arg>O item número 1 é a banana!!</arg>
<doc>Runs the given keyword with the given arguments, if ``condition`` is true.</doc>
<kw name="Log" library="BuiltIn">
<arg>O item número 1 é a banana!!</arg>
<doc>Logs the given message with the given level.</doc>
<msg timestamp="20220127 11:45:31.513" level="INFO">O item número 1 é a banana!!</msg>
<status status="PASS" starttime="20220127 11:45:31.513" endtime="20220127 11:45:31.514"/>
</kw>
<status status="PASS" starttime="20220127 11:45:31.511" endtime="20220127 11:45:31.514"/>
</kw>
<status status="PASS" starttime="20220127 11:45:31.510" endtime="20220127 11:45:31.514"/>
</kw>
<kw name="Rodando uma keyword dada uma condição = false">
<kw name="Run Keyword Unless" library="BuiltIn">
<arg>'${FRUTAS[1]}' == 'maça'</arg>
<arg>Log</arg>
<arg>O item número 1 não é uma maça!!</arg>
<doc>Runs the given keyword with the given arguments if ``condition`` is false.</doc>
<kw name="Log" library="BuiltIn">
<arg>O item número 1 não é uma maça!!</arg>
<doc>Logs the given message with the given level.</doc>
<msg timestamp="20220127 11:45:31.517" level="INFO">O item número 1 não é uma maça!!</msg>
<status status="PASS" starttime="20220127 11:45:31.517" endtime="20220127 11:45:31.517"/>
</kw>
<status status="PASS" starttime="20220127 11:45:31.514" endtime="20220127 11:45:31.517"/>
</kw>
<status status="PASS" starttime="20220127 11:45:31.514" endtime="20220127 11:45:31.518"/>
</kw>
<kw name="Armazenando um valor em uma variável dada uma condição">
<kw name="Set Variable If" library="BuiltIn">
<var>${VAR}</var>
<arg>'${FRUTAS[2]}' == 'uva'</arg>
<arg>uva</arg>
<doc>Sets variable based on the given condition.</doc>
<msg timestamp="20220127 11:45:31.519" level="INFO">${VAR} = uva</msg>
<status status="PASS" starttime="20220127 11:45:31.518" endtime="20220127 11:45:31.519"/>
</kw>
<kw name="Log" library="BuiltIn">
<arg>Minha variável VAR é uma ${VAR}!!</arg>
<doc>Logs the given message with the given level.</doc>
<msg timestamp="20220127 11:45:31.519" level="INFO">Minha variável VAR é uma uva!!</msg>
<status status="PASS" starttime="20220127 11:45:31.519" endtime="20220127 11:45:31.519"/>
</kw>
<status status="PASS" starttime="20220127 11:45:31.518" endtime="20220127 11:45:31.520"/>
</kw>
<status status="PASS" starttime="20220127 11:45:31.510" endtime="20220127 11:45:31.520"/>
</test>
<doc>Suíte para exemplificar o uso de IF nos testes
O IF deve ser pouco utilizado, mas tem hora que não tem jeito
e precisamos dele mesmo, então vamos ver como é!
IF: use com moderação!</doc>
<status status="PASS" starttime="20220127 11:45:31.458" endtime="20220127 11:45:31.523"/>
</suite>
<statistics>
<total>
<stat pass="1" fail="0" skip="0">All Tests</stat>
</total>
<tag>
</tag>
<suite>
<stat pass="1" fail="0" skip="0" id="s1" name="UsandoIFs">UsandoIFs</stat>
</suite>
</statistics>
<errors>
</errors>
</robot>
