<?xml version="1.0" encoding="UTF-8"?>
<robot generator="Robot 4.1.3 (Python 3.10.1 on win32)" generated="20220131 16:07:33.880" rpa="false" schemaversion="2">
<suite id="s1" name="TestCasesAPIBooks" source="C:\CursoRobot\BooksAPI\TestCasesAPIBooks.robot">
<kw name="Conectar API" library="ResourceAPI" type="SETUP">
<kw name="Create Session" library="RequestsLibrary">
<arg>fakeAPI</arg>
<arg>${URL}</arg>
<doc>Create Session: create a HTTP session to a server</doc>
<msg timestamp="20220131 16:07:34.042" level="INFO">Creating Session using : alias=fakeAPI, url=https://fakerestapi.azurewebsites.net/api/v1/, headers={},                     cookies={}, auth=None, timeout=None, proxies=None, verify=False,                     debug=0 </msg>
<status status="PASS" starttime="20220131 16:07:34.042" endtime="20220131 16:07:34.043"/>
</kw>
<status status="PASS" starttime="20220131 16:07:34.042" endtime="20220131 16:07:34.043"/>
</kw>
<test id="s1-t1" name="Buscar listagem de todos os livros (GET em todos os livros)">
<kw name="Requisitar todos os livros" library="ResourceAPI">
<kw name="Get Request" library="RequestsLibrary">
<var>${Resposta_API}</var>
<arg>fakeAPI</arg>
<arg>Books</arg>
<doc>Send a GET request on the session object found using the
given `alias`</doc>
<msg timestamp="20220131 16:07:36.634" level="INFO">GET Request : url=https://fakerestapi.azurewebsites.net/api/v1//Books 
 path_url=/api/v1//Books 
 headers={'User-Agent': 'python-requests/2.27.1', 'Accept-Encoding': 'gzip, deflate', 'Accept': '*/*', 'Connection': 'keep-alive'} 
 body=None 
 </msg>
<msg timestamp="20220131 16:07:36.635" level="INFO">GET Response : url=https://fakerestapi.azurewebsites.net/api/v1//Books 
 status=200, reason=OK 
 body=[{"id":1,"title":"Book 1","description":"Diam labore vero facilisi. Erat diam dolore imperdiet et in et in magna eos consequat tempor invidunt aliquip. Dolore ipsum dolor dolore rebum clita hendrerit ullamcorper erat mazim. Amet eros ut nonumy at clita justo iriure vero. Clita stet vulputate stet mazim ipsum sit dolor zzril eirmod dolor est gubergren takimata eu tation accusam. Eu diam eirmod ipsum molestie dolor magna. Feugiat aliquip sed amet vero exerci invidunt accusam molestie sanctus luptatum justo gubergren dolor dolore sed. Consequat amet justo rebum sit accusam nulla. Eirmod et sit nostrud commodo dolores et invidunt takimata stet nostrud wisi ea molestie suscipit. Erat aliquyam eros diam voluptua esse dolores ea dolor diam tempor no tincidunt diam et lorem stet. Esse lobortis et magna sed placerat stet stet vero eos ut dolore sed no et sit. Kasd consetetur et nonumy nonumy amet at ullamcorper hendrerit lorem sed zzril qui dolore. Eos dolor velit erat erat consetetur consetetur dolor dolore dignissim in ea dolor elitr et.\n","pageCount":100,"excerpt":"Et dolore illum amet no dolor eos sit accusam nihil. Lorem takimata eleifend amet nulla eros nonumy vel vero invidunt ut at ex et facer. Clita no takimata eos dolore. Sanctus rebum dolor cum ut justo stet eos dolore vel consequat magna amet sea amet accusam vero invidunt est. Sed consectetuer tation diam exerci ipsum sanctus sit no eos molestie dolore rebum gubergren sit lorem consectetuer erat dolor. Eirmod tation rebum iriure quod eos esse option nonumy vero dolore eu et vero sanctus.\nUllamcorper sed accusam sadipscing rebum takimata ipsum lorem elit duo. Clita ut commodo ea molestie praesent ut dolor sit et clita sanctus eum amet labore volutpat augue. Lorem est dolor sadipscing duis sed stet. Amet sit iusto ut sadipscing et zzril lorem augue diam duis.\nElitr et in dolor clita. Clita vel eum tempor. Te diam dolore vero iriure sed erat suscipit tincidunt eos dolor lorem. Nihil tempor odio amet sanctus nibh invidunt ut et eum sanctus exerci kasd eum ut stet dolore sed dignissim. Lorem aliquyam duo duis invidunt ex erat ipsum eum dolores tempor ut autem et in erat est magna diam. Invidunt id justo tincidunt lorem ipsum velit. Esse accusam sadipscing aliquip dolor duo kasd sit lorem. Vel nulla odio amet vero sit rebum erat velit dignissim invidunt feugiat at consetetur. Ut amet consequat feugait diam erat assum dolore at dolor diam facilisi veniam sit. Eros lorem commodo sadipscing invidunt accusam et est stet euismod sit nulla ex elitr sit consetetur rebum rebum dolores. Elitr consequat mazim nonummy autem dolores adipiscing amet amet at lorem sed. Et consequat vero dolor consetetur ipsum dolor sadipscing amet.\nEros stet est takimata. Lorem diam no stet ea dolore aliquyam vero dolore et dolor vel. Magna kasd illum tempor voluptua dolore voluptua accumsan lorem eos dolor clita tempor. Nibh kasd consequat ea magna ex. Iusto duis est dolor sed no labore dolor diam takimata et sed amet ullamcorper facer et. Dolor clita at eu elitr. Suscipit elitr eirmod et. Facilisis consetetur sed minim justo option cum nulla tincidunt autem ipsum amet dolor ut sed dolores amet labore. Labore dolor sit clita. Eirmod illum takimata diam justo in consequat magna gubergren amet possim in.\nEt ea accumsan no vero diam dolor gubergren elitr erat sed ipsum. Velit elit no magna amet molestie kasd elitr ad duo ea lorem erat sadipscing dolore aliquyam. Est ut tempor dolor vero at lorem gubergren ipsum aliquyam. Ut sed voluptua et feugiat. In gubergren vel ut in voluptua amet elitr liber assum. Sed ipsum elitr dolor amet nonumy. Eirmod duo sed dolores takimata enim et vel sadipscing justo dolore justo lorem mazim et enim. Doming ut eros amet eirmod ut qui vero vero labore accusam ut magna odio minim sea kasd tempor nonumy. Kasd elitr sit tincidunt volutpat facilisis lorem vel sed diam sea possim sit dolor. Voluptua est eos lorem et lobortis et adipiscing lobortis clita sadipscing et sed laoreet in. At wisi labore tempor ad rebum dolore sanctus elitr in et dolore justo. Duo amet clita ea magna aliquam ipsum consetetur ut. Lorem erat takimata ex ipsum hendrerit nulla ea rebum quis soluta nihil ipsum clita sadipscing takimata illum magna. Cum et hendrerit ea nostrud duo qui eum invidunt takimata illum consequat et eos eirmod nonumy ex eos. Tempor nonumy luptatum eirmod vero ea diam. Et exerci aliquyam et kasd no takimata hendrerit et rebum labore lorem feugiat aliquyam est iriure dolore suscipit hendrerit. Suscipit suscipit sea amet facilisi stet ea justo sit mazim aliquam est erat vero diam.\n","publishDate":"2022-01-30T19:07:35.5038655+00:00"},{"id":2,"title":"Book 2","description":"Vero rebum diam elitr velit. Tincidunt consetetur nulla iriure ea dolor lobortis. Et est sed dolor eirmod et elitr iriure ea erat. Sed sadipscing diam assum magna ipsum exerci laoreet ea esse erat ea in diam. Elitr ut commodo nonumy justo. Erat amet sed eos. Et lorem nonumy labore qui labore justo lorem kasd rebum. Et sit sit sit tempor amet duis amet dolores et ea no dolor ea vero sadipscing. Vel et voluptua et aliquyam nonummy vero et vero facilisi erat luptatum dolores.\n","pageCount":200,"excerpt":"Luptatum hendrerit consequat amet dolores ipsum et duis. Est magna et dolor diam erat kasd lorem lorem consetetur dolore labore voluptua facilisi. Sed vulputate eros eirmod exerci erat duo sit justo sadipscing ea labore consetetur elitr sadipscing sed. Diam ipsum facilisi sit consectetuer elitr dolore et ea et tempor diam nisl sed. Clita accusam lorem ipsum dolore et clita diam vel nonumy ut nostrud luptatum rebum nonumy vel dolor ipsum. Sed quis sea ipsum dolor eirmod erat aliquyam iriure facilisis. Ipsum dolor vel lorem sadipscing nonummy lorem sanctus accusam vulputate augue gubergren consetetur lorem autem quis. No facilisis et vel dolore at duo illum est tempor sit at gubergren odio justo nonumy id. Vel illum ipsum est clita delenit lorem kasd et. Ut lorem nostrud amet diam. Dolores sed diam est imperdiet magna rebum ut rebum tempor accusam accusam clita esse suscipit. Stet amet est amet nonumy. Eirmod sadipscing sea sadipscing aliquyam justo. Ea dolore praesent sadipscing sit amet lorem sea eos amet lorem sit stet sea dolore. Dolore dolores tempor rebum sit. Diam dolor aliquip at voluptua voluptua vero suscipit soluta dolore sit eu takimata ea.\nJusto sadipscing eleifend et vel clita tempor takimata kasd quis dolore. Sanctus quis aliquyam no. Sed dolor et ut illum et aliquyam consetetur enim eos voluptua odio clita sadipscing takimata takimata. No est justo soluta sanctus dolore sed. Luptatum consetetur labore commodo in voluptua nobis at et autem erat eirmod ea amet feugiat tation ut. Sit imperdiet ipsum sit kasd sanctus euismod ea. Iusto ea dolore dolore est nonumy voluptua diam qui eu in sea sea sea. Invidunt ut aliquip. Et sanctus sea ut dolor magna dolores dolore facilisi ipsum vel sed.\nAmet vero sanctus esse sanctus elitr et takimata dolore at eos eos sit labore. Amet nisl sed takimata sea accusam in tempor dolor diam dolor tempor eos sit odio magna. Invidunt aliquyam sit vel enim dolores clita. Elitr elitr sed clita te nonumy et sit invidunt dolore ut sanctus nonumy. Sed lorem odio at voluptua molestie sea feugiat nulla sed sed. Autem lorem sed stet sea dolor quod. Sit vel eirmod dolor autem consectetuer iriure sea ut lorem. Est vero at dolore elitr qui. Sanctus delenit in duo aliquyam lorem diam dolores odio autem nonumy. Blandit lobortis nonumy sed autem eos aliquam at odio ipsum. Velit invidunt sea aliquam blandit magna gubergren molestie gubergren ut ex. Et sed et justo aliquip no diam elitr dolore ipsum est ut sed dolores facilisis justo velit sit sit. Voluptua assum praesent sea labore adipiscing. Amet adipiscing sed sea clita aliquyam sit dolor sit erat justo amet vel lorem no consetetur labore.\nTe kasd quis facilisis facilisis accusam. Eum labore no. Dolore takimata lorem clita sadipscing sit invidunt labore no lorem. Sadipscing esse dolor et in at vel ea. Eirmod invidunt et elitr at ex dolor est et feugiat facilisis sea sit no amet kasd elitr ea. Facilisi dolor sanctus hendrerit sit sit autem ipsum in vero feugait amet et amet sea. Lobortis eum eos est iriure dignissim tation mazim. Magna diam justo nonumy et vero. Aliquyam tempor velit hendrerit erat id elit takimata no aliquyam sit justo dolore accumsan. Illum magna elit sit dolor lorem odio elitr. Est ipsum amet labore ut no est gubergren labore aliquyam sadipscing no et clita.\nIllum invidunt est kasd et eos. Ipsum duo dolor et. Dolore takimata nonumy est erat diam amet sit wisi sit ut velit labore takimata te voluptua laoreet ut vero. Eros est magna qui accusam te ipsum dolor vero clita et nonumy sit diam autem ipsum gubergren amet. Invidunt sanctus facilisis dolore aliquyam dolor dolore ipsum. Duo sit quis vel sed rebum invidunt eirmod rebum vulputate id commodo at sit. Est diam sit ipsum sed sea. Nulla labore illum est stet mazim diam. Tempor rebum sit erat placerat gubergren odio. Nostrud accusam hendrerit eirmod magna. Commodo dolore sea. Ut dolor sit est diam in. Clita dolore sed dolor amet labore dolore. Feugait illum dolore eum ut clita sit et erat rebum consetetur et et ut ipsum.\n","publishDate":"2022-01-29T19:07:35.5039512+00:00"},{"id":3,"title":"Book 3","description":"Amet voluptua nulla takimata voluptua lorem justo. Aliquyam no invidunt invidunt. Magna ut ut. Voluptua est sit nonumy te laoreet sed dolore minim dolores. Rebum elitr ut sanctus sanctus et labore magna in voluptua iusto iriure dolor kasd. Tempor tempor dolores stet at ut te sit sea erat dolore diam justo et. Aliquip hendrerit accusam dolores voluptua hendrerit eirmod enim elitr tempor accusam eros in eos no et suscipit ipsum.\n","pageCount":300,"excerpt":"Et dolor et nonumy amet adipiscing ut eos velit ut eu. Dolor ut elit enim takimata aliquyam. Tempor dolor sed voluptua ipsum accusam ut justo iriure clita tempor elitr et nam lorem. Et lorem velit ... (set the log level to DEBUG or TRACE to see the full content) 
 </msg>
<msg timestamp="20220131 16:07:36.636" level="INFO">C:\Users\Suporte\AppData\Local\Programs\Python\Python310\lib\site-packages\urllib3\connectionpool.py:1043: InsecureRequestWarning: Unverified HTTPS request is being made to host 'fakerestapi.azurewebsites.net'. Adding certificate verification is strongly advised. See: https://urllib3.readthedocs.io/en/1.26.x/advanced-usage.html#ssl-warnings
  warnings.warn(</msg>
<msg timestamp="20220131 16:07:36.637" level="INFO">${Resposta_API} = &lt;Response [200]&gt;</msg>
<status status="PASS" starttime="20220131 16:07:34.044" endtime="20220131 16:07:36.637"/>
</kw>
<kw name="Log" library="BuiltIn">
<arg>${Resposta_API.text}</arg>
<doc>Logs the given message with the given level.</doc>
<msg timestamp="20220131 16:07:36.642" level="INFO">[{"id":1,"title":"Book 1","description":"Diam labore vero facilisi. Erat diam dolore imperdiet et in et in magna eos consequat tempor invidunt aliquip. Dolore ipsum dolor dolore rebum clita hendrerit ullamcorper erat mazim. Amet eros ut nonumy at clita justo iriure vero. Clita stet vulputate stet mazim ipsum sit dolor zzril eirmod dolor est gubergren takimata eu tation accusam. Eu diam eirmod ipsum molestie dolor magna. Feugiat aliquip sed amet vero exerci invidunt accusam molestie sanctus luptatum justo gubergren dolor dolore sed. Consequat amet justo rebum sit accusam nulla. Eirmod et sit nostrud commodo dolores et invidunt takimata stet nostrud wisi ea molestie suscipit. Erat aliquyam eros diam voluptua esse dolores ea dolor diam tempor no tincidunt diam et lorem stet. Esse lobortis et magna sed placerat stet stet vero eos ut dolore sed no et sit. Kasd consetetur et nonumy nonumy amet at ullamcorper hendrerit lorem sed zzril qui dolore. Eos dolor velit erat erat consetetur consetetur dolor dolore dignissim in ea dolor elitr et.\n","pageCount":100,"excerpt":"Et dolore illum amet no dolor eos sit accusam nihil. Lorem takimata eleifend amet nulla eros nonumy vel vero invidunt ut at ex et facer. Clita no takimata eos dolore. Sanctus rebum dolor cum ut justo stet eos dolore vel consequat magna amet sea amet accusam vero invidunt est. Sed consectetuer tation diam exerci ipsum sanctus sit no eos molestie dolore rebum gubergren sit lorem consectetuer erat dolor. Eirmod tation rebum iriure quod eos esse option nonumy vero dolore eu et vero sanctus.\nUllamcorper sed accusam sadipscing rebum takimata ipsum lorem elit duo. Clita ut commodo ea molestie praesent ut dolor sit et clita sanctus eum amet labore volutpat augue. Lorem est dolor sadipscing duis sed stet. Amet sit iusto ut sadipscing et zzril lorem augue diam duis.\nElitr et in dolor clita. Clita vel eum tempor. Te diam dolore vero iriure sed erat suscipit tincidunt eos dolor lorem. Nihil tempor odio amet sanctus nibh invidunt ut et eum sanctus exerci kasd eum ut stet dolore sed dignissim. Lorem aliquyam duo duis invidunt ex erat ipsum eum dolores tempor ut autem et in erat est magna diam. Invidunt id justo tincidunt lorem ipsum velit. Esse accusam sadipscing aliquip dolor duo kasd sit lorem. Vel nulla odio amet vero sit rebum erat velit dignissim invidunt feugiat at consetetur. Ut amet consequat feugait diam erat assum dolore at dolor diam facilisi veniam sit. Eros lorem commodo sadipscing invidunt accusam et est stet euismod sit nulla ex elitr sit consetetur rebum rebum dolores. Elitr consequat mazim nonummy autem dolores adipiscing amet amet at lorem sed. Et consequat vero dolor consetetur ipsum dolor sadipscing amet.\nEros stet est takimata. Lorem diam no stet ea dolore aliquyam vero dolore et dolor vel. Magna kasd illum tempor voluptua dolore voluptua accumsan lorem eos dolor clita tempor. Nibh kasd consequat ea magna ex. Iusto duis est dolor sed no labore dolor diam takimata et sed amet ullamcorper facer et. Dolor clita at eu elitr. Suscipit elitr eirmod et. Facilisis consetetur sed minim justo option cum nulla tincidunt autem ipsum amet dolor ut sed dolores amet labore. Labore dolor sit clita. Eirmod illum takimata diam justo in consequat magna gubergren amet possim in.\nEt ea accumsan no vero diam dolor gubergren elitr erat sed ipsum. Velit elit no magna amet molestie kasd elitr ad duo ea lorem erat sadipscing dolore aliquyam. Est ut tempor dolor vero at lorem gubergren ipsum aliquyam. Ut sed voluptua et feugiat. In gubergren vel ut in voluptua amet elitr liber assum. Sed ipsum elitr dolor amet nonumy. Eirmod duo sed dolores takimata enim et vel sadipscing justo dolore justo lorem mazim et enim. Doming ut eros amet eirmod ut qui vero vero labore accusam ut magna odio minim sea kasd tempor nonumy. Kasd elitr sit tincidunt volutpat facilisis lorem vel sed diam sea possim sit dolor. Voluptua est eos lorem et lobortis et adipiscing lobortis clita sadipscing et sed laoreet in. At wisi labore tempor ad rebum dolore sanctus elitr in et dolore justo. Duo amet clita ea magna aliquam ipsum consetetur ut. Lorem erat takimata ex ipsum hendrerit nulla ea rebum quis soluta nihil ipsum clita sadipscing takimata illum magna. Cum et hendrerit ea nostrud duo qui eum invidunt takimata illum consequat et eos eirmod nonumy ex eos. Tempor nonumy luptatum eirmod vero ea diam. Et exerci aliquyam et kasd no takimata hendrerit et rebum labore lorem feugiat aliquyam est iriure dolore suscipit hendrerit. Suscipit suscipit sea amet facilisi stet ea justo sit mazim aliquam est erat vero diam.\n","publishDate":"2022-01-30T19:07:35.5038655+00:00"},{"id":2,"title":"Book 2","description":"Vero rebum diam elitr velit. Tincidunt consetetur nulla iriure ea dolor lobortis. Et est sed dolor eirmod et elitr iriure ea erat. Sed sadipscing diam assum magna ipsum exerci laoreet ea esse erat ea in diam. Elitr ut commodo nonumy justo. Erat amet sed eos. Et lorem nonumy labore qui labore justo lorem kasd rebum. Et sit sit sit tempor amet duis amet dolores et ea no dolor ea vero sadipscing. Vel et voluptua et aliquyam nonummy vero et vero facilisi erat luptatum dolores.\n","pageCount":200,"excerpt":"Luptatum hendrerit consequat amet dolores ipsum et duis. Est magna et dolor diam erat kasd lorem lorem consetetur dolore labore voluptua facilisi. Sed vulputate eros eirmod exerci erat duo sit justo sadipscing ea labore consetetur elitr sadipscing sed. Diam ipsum facilisi sit consectetuer elitr dolore et ea et tempor diam nisl sed. Clita accusam lorem ipsum dolore et clita diam vel nonumy ut nostrud luptatum rebum nonumy vel dolor ipsum. Sed quis sea ipsum dolor eirmod erat aliquyam iriure facilisis. Ipsum dolor vel lorem sadipscing nonummy lorem sanctus accusam vulputate augue gubergren consetetur lorem autem quis. No facilisis et vel dolore at duo illum est tempor sit at gubergren odio justo nonumy id. Vel illum ipsum est clita delenit lorem kasd et. Ut lorem nostrud amet diam. Dolores sed diam est imperdiet magna rebum ut rebum tempor accusam accusam clita esse suscipit. Stet amet est amet nonumy. Eirmod sadipscing sea sadipscing aliquyam justo. Ea dolore praesent sadipscing sit amet lorem sea eos amet lorem sit stet sea dolore. Dolore dolores tempor rebum sit. Diam dolor aliquip at voluptua voluptua vero suscipit soluta dolore sit eu takimata ea.\nJusto sadipscing eleifend et vel clita tempor takimata kasd quis dolore. Sanctus quis aliquyam no. Sed dolor et ut illum et aliquyam consetetur enim eos voluptua odio clita sadipscing takimata takimata. No est justo soluta sanctus dolore sed. Luptatum consetetur labore commodo in voluptua nobis at et autem erat eirmod ea amet feugiat tation ut. Sit imperdiet ipsum sit kasd sanctus euismod ea. Iusto ea dolore dolore est nonumy voluptua diam qui eu in sea sea sea. Invidunt ut aliquip. Et sanctus sea ut dolor magna dolores dolore facilisi ipsum vel sed.\nAmet vero sanctus esse sanctus elitr et takimata dolore at eos eos sit labore. Amet nisl sed takimata sea accusam in tempor dolor diam dolor tempor eos sit odio magna. Invidunt aliquyam sit vel enim dolores clita. Elitr elitr sed clita te nonumy et sit invidunt dolore ut sanctus nonumy. Sed lorem odio at voluptua molestie sea feugiat nulla sed sed. Autem lorem sed stet sea dolor quod. Sit vel eirmod dolor autem consectetuer iriure sea ut lorem. Est vero at dolore elitr qui. Sanctus delenit in duo aliquyam lorem diam dolores odio autem nonumy. Blandit lobortis nonumy sed autem eos aliquam at odio ipsum. Velit invidunt sea aliquam blandit magna gubergren molestie gubergren ut ex. Et sed et justo aliquip no diam elitr dolore ipsum est ut sed dolores facilisis justo velit sit sit. Voluptua assum praesent sea labore adipiscing. Amet adipiscing sed sea clita aliquyam sit dolor sit erat justo amet vel lorem no consetetur labore.\nTe kasd quis facilisis facilisis accusam. Eum labore no. Dolore takimata lorem clita sadipscing sit invidunt labore no lorem. Sadipscing esse dolor et in at vel ea. Eirmod invidunt et elitr at ex dolor est et feugiat facilisis sea sit no amet kasd elitr ea. Facilisi dolor sanctus hendrerit sit sit autem ipsum in vero feugait amet et amet sea. Lobortis eum eos est iriure dignissim tation mazim. Magna diam justo nonumy et vero. Aliquyam tempor velit hendrerit erat id elit takimata no aliquyam sit justo dolore accumsan. Illum magna elit sit dolor lorem odio elitr. Est ipsum amet labore ut no est gubergren labore aliquyam sadipscing no et clita.\nIllum invidunt est kasd et eos. Ipsum duo dolor et. Dolore takimata nonumy est erat diam amet sit wisi sit ut velit labore takimata te voluptua laoreet ut vero. Eros est magna qui accusam te ipsum dolor vero clita et nonumy sit diam autem ipsum gubergren amet. Invidunt sanctus facilisis dolore aliquyam dolor dolore ipsum. Duo sit quis vel sed rebum invidunt eirmod rebum vulputate id commodo at sit. Est diam sit ipsum sed sea. Nulla labore illum est stet mazim diam. Tempor rebum sit erat placerat gubergren odio. Nostrud accusam hendrerit eirmod magna. Commodo dolore sea. Ut dolor sit est diam in. Clita dolore sed dolor amet labore dolore. Feugait illum dolore eum ut clita sit et erat rebum consetetur et et ut ipsum.\n","publishDate":"2022-01-29T19:07:35.5039512+00:00"},{"id":3,"title":"Book 3","description":"Amet voluptua nulla takimata voluptua lorem justo. Aliquyam no invidunt invidunt. Magna ut ut. Voluptua est sit nonumy te laoreet sed dolore minim dolores. Rebum elitr ut sanctus sanctus et labore magna in voluptua iusto iriure dolor kasd. Tempor tempor dolores stet at ut te sit sea erat dolore diam justo et. Aliquip hendrerit accusam dolores voluptua hendrerit eirmod enim elitr tempor accusam eros in eos no et suscipit ipsum.\n","pageCount":300,"excerpt":"Et dolor et nonumy amet adipiscing ut eos velit ut eu. Dolor ut elit enim takimata aliquyam. Tempor dolor sed voluptua ipsum accusam ut justo iriure clita tempor elitr et nam lorem. Et lorem velit ut no euismod facilisi lorem duo sea sit lorem in sit praesent et amet justo magna. Tation tincidunt at sanctus. Diam sit sea et rebum consetetur accusam diam. Adipiscing sit amet aliquyam ea erat dignissim amet sanctus lorem ipsum. Labore eirmod et veniam ipsum feugiat vero ipsum diam dolore nonumy amet dolor justo. Gubergren ipsum wisi. Stet feugait eos amet erat dolores. Aliquip nonummy hendrerit diam et sea sit rebum ipsum eos. Sadipscing et sadipscing ut elitr dolores vero sit et elitr nonumy sanctus consequat dolores accusam in ut no elit. Lorem lorem diam veniam voluptua at. Diam et ipsum praesent doming duis nobis nibh dolore ut magna lorem stet et nonumy imperdiet rebum facilisi dolor. Dolores stet ut eu. Eos accusam ut eos amet quod takimata. Et dolor adipiscing eirmod elit lobortis duo. Diam in accumsan sed. Odio volutpat sed duo sed elitr.\nDolores dolores et te. Duo ipsum ea sed suscipit eos diam dolor. Sanctus et et ut consetetur consetetur no sadipscing consetetur diam diam volutpat accusam. Dolor ipsum sed et diam amet dolore amet voluptua sed ex duo erat sit minim et dolor ut. Clita vero dolor sed nobis diam dolore lorem sit rebum aliquyam voluptua magna. Elit eirmod ea at dignissim. Duo invidunt at nostrud. Sit nibh et invidunt sit dolor amet blandit velit et possim in eos ipsum magna. Et ipsum eu amet sed te sit consetetur et takimata lorem ipsum nibh lorem gubergren. Consetetur aliquyam dolore illum gubergren sed. Sed ea stet lorem exerci vel no zzril dolor gubergren takimata eos ipsum justo et lorem sadipscing et. Eos sit eos sanctus et iriure diam eum dolor sea ut diam hendrerit amet justo. Dolor duo sit erat vero dolor ut. Sed lorem et ullamcorper aliquyam et molestie ipsum est dolore ut ad et magna dolore minim facilisi. Aliquyam vel aliquyam accusam sed ipsum nobis et labore justo est ullamcorper et sadipscing feugiat ipsum rebum. Clita elitr voluptua magna sed volutpat dolore et in sadipscing et eos eum at aliquyam elitr justo. Ipsum vero ad sit stet sit lorem no et consetetur diam gubergren invidunt. Adipiscing sit sadipscing dolore sit rebum et dolor wisi duis vulputate consectetuer dolores eleifend enim.\nAccusam sed diam amet elitr invidunt accusam et no diam ea aliquyam. Accusam nonumy nonumy exerci esse magna diam eos te dignissim ut esse dolores amet delenit. Clita eum et ut et takimata blandit no eos luptatum sit accusam elitr vulputate vero. Labore hendrerit consetetur. Clita eu diam vel sit facilisi lorem aliquyam et erat facilisi stet rebum consequat sit lorem autem ipsum lorem. Et est dolore sit tation consequat elitr vel tempor sea voluptua vulputate assum. No augue rebum sed accusam sea sadipscing erat et. Eos sadipscing dolore no sit ipsum ut iriure eirmod dolor et vero accumsan amet sea. Elitr diam sit dolor vel vel lorem velit. Sed consetetur sit. Hendrerit qui et dolor ea ipsum tempor option at et dolore accusam justo ipsum.\nHendrerit minim facilisis in amet lorem feugiat. Sanctus elitr accusam duo elitr clita lorem eirmod et. Vero diam autem dolore et praesent. Aliquyam amet kasd eos in sed justo lorem kasd sadipscing vel dolor erat sed amet sed luptatum rebum. Magna option laoreet congue. Rebum et gubergren amet sit feugiat qui et molestie elitr clita voluptua invidunt est sed consectetuer. Amet vel iriure labore. Invidunt sadipscing vel consequat lorem consequat doming nulla sed sit et diam dolor ipsum blandit vero kasd. Aliquyam gubergren in esse minim et duis feugiat eros stet nisl aliquyam voluptua eirmod eu ipsum lorem consequat consequat. Vel praesent justo et ut dolores sit aliquyam nostrud et dolor amet erat ut ipsum. Sed ipsum stet feugait rebum ut gubergren dolor accusam est diam voluptua rebum et et.\nEu aliquyam tation. Sed ut consetetur hendrerit ipsum eos molestie molestie sadipscing accusam. Et et diam diam dolor. Ipsum enim duis justo tempor clita. Et lorem voluptua lorem clita. In no no sea at accusam sadipscing sit magna te et invidunt. Aliquyam veniam nulla ipsum consequat ipsum labore dolores takimata elitr dolor nonumy aliquyam vel tempor dolore assum delenit. Rebum labore takimata ex takimata dolor lorem dolor. Sit dolor ipsum dolores et. Amet ut aliquyam consequat invidunt et dolore justo no diam aliquyam labore adipiscing stet labore. Et feugait et labore elitr labore at vero rebum kasd aliquyam sadipscing qui. Vero congue justo dolor eu tempor gubergren no dolore sed sed amet sadipscing at.\n","publishDate":"2022-01-28T19:07:35.5040381+00:00"},{"id":4,"title":"Book 4","description":"Et consetetur et accusam zzril accusam eos sed sed vel nonumy accumsan eirmod dolores eos ipsum at. Dolore illum takimata facer accusam sed sanctus sadipscing feugait dolor invidunt. Autem erat duo diam tempor diam eu aliquyam dolor invidunt nonummy dolor consetetur cum no erat. Eos nam possim te esse kasd et eirmod wisi. Dolor voluptua clita amet molestie labore elitr ea aliquam. At accusam sed justo dolores nonumy at nonumy justo dolor vero tempor vero et dolore eleifend. Takimata eirmod luptatum ipsum dolore invidunt praesent commodo kasd. Kasd at justo feugait vulputate ut lorem et lorem tempor diam. Stet gubergren clita ullamcorper gubergren clita augue consetetur amet stet sit commodo dolore eirmod. Diam ea amet lorem magna eu labore amet et rebum vero lorem ut delenit invidunt ea ipsum sea sed. Est iusto dolor ipsum elitr ipsum elitr invidunt elit. Lorem diam sea accusam no est diam magna elitr duo amet sea est et ipsum wisi. Et nisl sit.\n","pageCount":400,"excerpt":"Sed amet facilisis minim et ipsum facilisis. No sea diam dolor. Ea vel eos vero option dolore molestie vero sadipscing iusto elit. Et at consequat lorem rebum hendrerit eirmod lorem sed ipsum ipsum stet aliquip ipsum nisl luptatum. Rebum gubergren no vero stet sed. Dolor vero illum tempor eirmod no vero eos et clita et illum. At sit lorem stet enim ut sea accusam duis delenit nibh. Ullamcorper enim aliquyam consectetuer invidunt et kasd aliquam sed lorem elitr magna magna et duo erat ipsum elitr duo. Consequat nulla dignissim sit aliquyam dolor eirmod laoreet nonumy autem zzril et congue kasd. Zzril eleifend aliquyam diam ipsum sit duis vel et esse est clita in sit. Ipsum dolore sit lorem adipiscing rebum eos amet feugait aliquam et sed. Diam ut dolor labore magna nonumy.\nLorem tempor est delenit no ipsum dolor vulputate duo delenit at sea eos aliquyam diam et ut. Erat tempor ea eirmod takimata et est justo diam hendrerit sit lorem dolores ipsum gubergren lorem ea enim eu. Vero elitr diam voluptua et sit nonumy eu magna eum ipsum erat dolores no voluptua est consectetuer dolor. Nonumy sit amet ipsum invidunt. Lorem consequat dolor. Sit et ipsum labore. Iusto consequat sed duo gubergren. Nibh quis rebum sanctus nonumy rebum kasd. Lorem kasd dolor elitr consetetur amet kasd vero clita takimata sanctus lorem amet invidunt elitr vulputate at eirmod. Feugait eum stet eirmod tempor labore voluptua dolores sea est magna eum. Ut et eum eirmod labore sed consetetur. Illum iriure amet minim aliquyam facer et eum commodo ea lorem sit eirmod sadipscing stet ipsum rebum. Aliquyam invidunt nonumy et consequat vero dolores dolores gubergren diam in sit at delenit.\nErat erat dolore iriure sea stet dolore est no sed ipsum no vero justo sadipscing. Rebum voluptua sadipscing labore illum amet lorem accusam et eirmod ipsum accusam commodo lorem et aliquyam labore aliquyam nonumy. Sea kasd stet vulputate dolores clita. Iusto lorem hendrerit consequat consetetur labore placerat voluptua gubergren amet dolor amet clita. Sed et vero facilisi elitr labore dolores. Diam diam dolor facilisi lorem sanctus autem autem no accumsan ut odio eos kasd sit ut dolor. Sea sadipscing ut vero kasd sit velit vulputate at et invidunt elitr sadipscing elitr et sed. Sed accumsan gubergren clita. Ea eum ea amet et eirmod aliquip placerat diam vel nonumy lorem. Nam kasd ipsum labore ut labore eirmod.\nEt invidunt zzril et ipsum at ipsum et nonumy vero. Facilisis ut diam. Et sadipscing elitr magna blandit lorem invidunt eros gubergren lorem ut. Et duis gubergren nam dolor sed ipsum vero at invidunt. Kasd magna stet vel zzril invidunt. Ea lorem facilisis vulputate voluptua sed aliquyam sit velit dolore in diam sadipscing diam voluptua consetetur clita. Iusto diam kasd iriure lobortis sadipscing gubergren sit. Diam sed eos kasd no ut aliquyam ipsum dolore sanctus ut clita et dolor qui labore dolor dolore. Imperdiet eros sit sea et. Blandit tempor labore eirmod feugiat. At sed clita diam justo dolore magna justo. Dolore sadipscing sed elitr esse at diam et gubergren vulputate assum dolor elitr no. Justo et eos dolor duo diam tempor duo sit voluptua duo at ut ipsum at elitr illum invidunt diam. Luptatum sed esse duo duis te vero iriure nonummy et amet eros sit no.\nSanctus magna consetetur sed sit dolore amet voluptua option ipsum augue consequat sit lorem dolore. Et ut ipsum eum lorem vero eros dolores magna sadipscing erat amet amet sanctus. Nisl ipsum tincidunt elit invidunt eirmod ea diam est lorem duo zzril dolor ullamcorper ipsum lorem ut. Et dolor suscipit luptatum quis diam kasd et gubergren et sadipscing est ut accusam exerci et. Erat consequat eu accusam labore lorem stet ipsum sed ut labore dolore facilisis congue luptatum sed ut lorem sit. Facilisis dolor nulla. Sadipscing est amet diam sea duo et aliquyam duis erat accusam in dolor. In ea sanctus lorem et sanctus. Facilisis amet vero amet duis sanctus sit. Labore duis odio aliquyam et sed et sadipscing. Quis lorem dolores in. Aliquam option erat. Sed euismod sit exerci labore magna dignissim illum consequat et accusam zzril sit minim aliquyam hendrerit diam. Kasd sed erat gubergren eos gubergren voluptua ea consetetur kasd et diam aliquip. Sadipscing at consetetur kasd vulputate vel dolor at zzril. Dolores justo est aliquyam ea ea takimata invidunt eros erat amet at sea amet vel magna duo. Dolor diam stet gubergren odio vero tincidunt diam amet et velit eos. Tation no aliquyam sea dolore aliquyam et at dolores et dignissim diam. Dolore duis elit eos diam eu.\n","publishDate":"2022-01-27T19:07:35.5041278+00:00"},{"id":5,"title":"Book 5","description":"Minim et gubergren vero liber delenit diam gubergren invidunt erat esse. Est at lobortis vel eum et clita volutpat ullamcorper kasd. Consetetur dolor vel dolore stet ut vero stet justo blandit et luptatum invidunt et qui ex voluptua sit. At elitr ex ipsum dolores facer eirmod facilisis duis gubergren justo voluptua feugiat. At aliquyam no. Vel iusto aliquip velit ea. Dolore molestie suscipit. Ipsum nonumy diam sit aliquyam tempor amet voluptua ut dolores et eos duo facilisi. Lorem lorem elitr ut dolor dolor wisi dolore et labore. Labore lorem ut accusam sanctus invidunt qui ullamcorper tempor. Sadipscing minim consequat kasd justo lorem voluptua gubergren. Sed nibh justo elitr dolore ipsum et consetetur accumsan. Ut duo in gubergren consetetur lorem rebum augue elitr sit consectetuer stet at facilisis wisi consetetur qui. Nonumy diam sed molestie aliquyam et amet lorem et ut dolore magna zzril te nonumy. Tincidunt dolore elitr aliquyam accumsan sed sit zzril dolore at dolor eirmod congue. Takimata sit justo est sed dignissim. Invidunt erat gubergren duis sanctus sanctus facilisi voluptua. Accusam voluptua ipsum.\n","pageCount":500,"excerpt":"Consequat vulputate ut invidunt gubergren. Magna eirmod gubergren erat lorem et at et clita et dolore liber consequat ut ipsum laoreet est. Amet et ut erat augue diam sed nihil sit justo iriure diam sed sit takimata sed ipsum vero consequat. Erat facer accusam consetetur aliquam quis dolores eleifend consectetuer sit magna vero consequat sea.\nRebum erat gubergren et at dolor esse kasd sadipscing erat euismod molestie ea stet te ullamcorper sea lorem et. Et lorem est dolores consequat. Amet adipiscing consetetur et lorem dolor lorem justo praesent lorem diam accusam accumsan rebum. Diam blandit aliquyam voluptua rebum sit exerci elitr at sanctus sit eos sed aliquip esse quis. Elitr eos sed sanctus takimata wisi no et. Invidunt labore sed amet dolore vero illum ut sed sed lorem lorem. Vero et elitr zzril feugait stet et diam stet.\nVelit dolor et kasd diam ipsum velit dolor sit facilisis ut illum. Voluptua erat tempor ipsum amet nulla vero. Exerci duo sit. Augue praesent erat takimata volutpat stet feugiat gubergren tempor autem magna augue sit qui ipsum dolor sit duo. Sed iriure justo iriure dolore consetetur ut stet. Sadipscing erat aliquyam amet et et kasd eirmod diam amet takimata stet dolore. Nihil duis ex placerat justo erat dolor dolor eirmod duo voluptua labore facilisis dignissim nonumy. Sea commodo aliquyam dolores. Dolor volutpat iriure. Duo duo sit magna ut autem eros et ipsum dolor iusto eu duo quod labore duis.\nEos sit elitr dolor sed tempor dolor takimata eos consetetur praesent aliquam. Et no aliquyam nostrud et dolore dolore invidunt amet nobis sit aliquyam magna in diam sanctus ullamcorper nostrud nonumy. Est et justo diam. Ea accumsan congue erat veniam lorem. Facer dolores dolores gubergren sit eum lorem dolores clita ea et stet ipsum. Magna kasd eu takimata dolores sadipscing duo gubergren duis eos ad eu lorem clita.\nTakimata ea no sit stet et at gubergren voluptua no dolores at duis eos diam. Stet et est dolor voluptua est dolor sed magna at id. Ut facilisis duis sed ipsum invidunt takimata diam accusam aliquyam voluptua eleifend. Stet lorem lorem consetetur stet consectetuer accusam duo zzril lorem diam tempor et magna ut. Feugiat sanctus ea et dolor odio vulputate erat clita iriure diam at dolore autem. Et dolor at ut takimata elitr. Diam nonumy facilisis invidunt amet consetetur possim voluptua ipsum. Tempor volutpat sed duo stet kasd duis magna et sit. Accusam nisl euismod kasd et amet dolor ipsum sed consetetur erat ad elitr feugiat vel lorem magna eirmod. Consetetur eos eos in nihil sea nihil augue rebum. Dolore ad labore exerci diam erat. Ut nibh duis dolor vero nulla ipsum labore ipsum justo ad tempor ex ipsum dolor eos at et.\n","publishDate":"2022-01-26T19:07:35.5041897+00:00"},{"id":6,"title":"Book 6","description":"At stet voluptua kasd diam praesent labore accusam invidunt facilisis eros. Takimata amet sed dolores ipsum dolore velit dolore sed dolore accumsan stet at laoreet sed. Justo dolor eos laoreet vero consetetur sea dolores clita nonumy aliquam commodo accusam. Est enim invidunt elitr esse. Facilisis duis at lorem lorem dolore voluptua voluptua facer. Takimata elit magna diam eos accumsan diam elitr vel clita magna eos dolor et. Dolor erat amet erat amet voluptua gubergren lorem dolor eos vel est esse sed ipsum duo labore elitr. Sed labore et. Elit dolor ipsum dolor sed nonummy accusam sit ex dolores sed consetetur option lorem in ut sit ea. Accusam elitr magna ea sadipscing elitr ipsum erat et. Est qui ipsum iriure sea illum augue erat dolore et elitr ipsum commodo sit diam. Et et te lorem at erat at duis tempor sea stet ipsum consequat adipiscing duo vel tempor tempor stet. Consetetur ipsum dolores tincidunt dolore ipsum magna dolore id nonumy et sanctus nonumy dolor ut dolore. Sit eos voluptua ut augue iusto et clita gubergren gubergren esse aliquyam diam accumsan et. Tation eirmod nonumy molestie nonumy dolor et sed sed volutpat amet nonumy sed ipsum duis invidunt dolore. Voluptua sit sanctus congue rebum clita.\n","pageCount":600,"excerpt":"Ut feugait sadipscing sadipscing et takimata vero suscipit kasd est gubergren kasd. Illum aliquip rebum ipsum ipsum takimata amet labore lorem dolore nonumy justo lorem dolores magna iusto quis iriure dolores. Ipsum veniam nulla eos laoreet invidunt justo takimata. Sed quis et ipsum et ullamcorper ipsum. Et eum dolor sed nibh nulla. Ipsum voluptua elitr sadipscing. Sit eirmod eleifend sea duis. Facilisi feugait ut rebum et eirmod lorem tempor sit odio consetetur et nonumy sea clita. Zzril cum at takimata ut delenit vel sed. Velit sed amet ea takimata delenit vel luptatum illum ut.\nMinim suscipit takimata aliquip sed ipsum ipsum ad dolores blandit vero kasd kasd et invidunt et dolores at. Duo lorem aliquyam volutpat accusam nulla diam diam diam ipsum rebum. Dolor dolores stet ipsum ipsum takimata sit sit lorem diam lorem. Et est placerat magna accusam aliquam tempor rebum et duo laoreet et sit.\nEt vero feugait sit amet amet soluta cum clita takimata clita te. Feugiat commodo sit ea ut voluptua eirmod nobis rebum consectetuer ut diam sea. Facer tation takimata dolores elitr vero iusto. Sed imperdiet tempor sadipscing stet voluptua sit amet ea velit. Ipsum duis vero dolor dolor consetetur diam eu aliquyam invidunt. Iriure ipsum tempor facer tempor vero duo congue duo congue et sadipscing sed aliquyam erat kasd diam nibh. Nostrud elitr diam exerci diam ipsum sit quod duo sed lorem soluta vel ipsum euismod ipsum at. Diam kasd illum magna invidunt voluptua zzril dolor qui clita te ex dignissim sed labore. Nulla dolores gubergren augue soluta est labore tempor dolore. Eirmod et diam dolore voluptua consetetur ipsum eum suscipit sanctus lorem dolores. Est magna et ut magna hendrerit tincidunt labore eirmod vel.\nNonumy mazim tempor placerat amet invidunt sanctus tempor et. Kasd dolor est consetetur ut erat sea ut adipiscing sed tempor sea at feugait. Et ex dolor in. Ea et est at nonumy kasd exerci volutpat justo ut lobortis et ea dolor doming. Takimata amet ea zzril consetetur dolore at dolor aliquip. Accusam est illum sit kasd duo diam hendrerit tincidunt sed ea amet. Lorem eos clita consetetur vero augue ullamcorper imperdiet amet diam nulla et sit ipsum et dolore feugiat voluptua tempor. Kasd velit magna sed lorem labore vel erat. Ut dolor ipsum minim diam ipsum eirmod dolores esse velit sanctus justo no sea sadipscing sea lorem et eos. Diam lorem tempor aliquyam et dolore iusto stet eu erat ea ipsum. Ipsum et sed sed magna at nonummy enim nonumy nonumy.\nNisl vel suscipit enim eum eos at veniam at justo dolore eos et voluptua iriure dolore. At vel iriure kasd. Minim justo lorem justo rebum vel accusam sit amet dolore. Accusam stet ullamcorper. Tation sanctus amet nonumy amet. Ipsum takimata et volutpat. Lorem et te qui in. Nam dolore et ad sadipscing sed vel aliquyam dolor hendrerit magna ipsum clita iriure magna duis gubergren ullamcorper. Voluptua esse ut quod dolores sit ea et. Tempor in vero dolor amet sed. Kasd accusam in lorem id eleifend sed ex lorem aliquam. In erat delenit at dolore dolor ipsum rebum clita dolor.\n","publishDate":"2022-01-25T19:07:35.5042606+00:00"},{"id":7,"title":"Book 7","description":"Kasd ipsum sit erat duo minim lorem. Sea aliquyam laoreet lorem voluptua erat sadipscing tempor ipsum at quis sit sea erat dolor sanctus. Elitr hendrerit amet diam sed lorem. Magna et dolor erat ipsum sed elitr at. Nulla erat elitr est amet. Sed ipsum dolor sea ad gubergren labore ea vero et sit tincidunt iusto eum consequat. Eu duo nonummy vero gubergren. Sed erat sadipscing vero magna voluptua sadipscing nonumy at quis vel sea voluptua et ea duis eum sit. Justo lorem amet sit et dolores. Vero ipsum eleifend et feugiat assum kasd dolore et sed ad eu sit sea sadipscing.\n","pageCount":700,"excerpt":"Takimata vero dolores vero est dolor duo invidunt sed tincidunt. Consetetur dolore vel autem tempor et vero vero tempor clita in amet duo. Labore eros esse et et vel ea ut vel consetetur lorem vero amet veniam et dolor ipsum clita duo. Sea dolore eu. Invidunt dolor vero gubergren. Lorem eirmod sanctus et no ipsum et nonumy gubergren esse autem lorem clita erat sea eirmod invidunt et illum. Facilisis vero takimata sed nostrud vero et et.\nIpsum tempor amet et iriure. Lorem gubergren diam diam odio consetetur sed gubergren duo accusam feugiat magna est magna facilisis diam ipsum magna diam. Eos sed et elit minim ut clita duo erat quod eirmod vulputate ut ipsum laoreet blandit stet. Ipsum et sadipscing ea dolor. Blandit dolore wisi. Et dolore nonumy augue dolore.\nDignissim dolores invidunt imperdiet invidunt facilisis duo diam. Ut facilisis ea stet aliquip at. Dolores takimata possim et dolor gubergren consetetur et amet invidunt ipsum vel sit et sed et hendrerit wisi. Sed sed diam duo ut te at amet sanctus diam kasd et diam stet. Et justo dolor. Magna sadipscing amet consetetur vero dolor sea facer dolore amet clita erat. Dolor diam sea. Sed rebum dolores in nonumy et at wisi at placerat nonumy eirmod dolores at ea at et erat.\nDuo iriure sadipscing diam molestie ut justo rebum magna kasd. Sit diam clita justo. Consetetur sed voluptua elitr amet.\nTation veniam et aliquyam consetetur praesent invidunt invidunt diam facilisis dolore et. Lorem et assum adipiscing gubergren dolore sadipscing. Amet sit stet sit invidunt eos ipsum diam dolore. Exerci qui sea takimata odio lorem sed ut accusam sed voluptua clita invidunt no voluptua euismod sed. Sed rebum at ea est diam sanctus sadipscing. Accusam eum vero autem consequat consequat ipsum dolor clita commodo diam. Diam lorem aliquam amet. Accusam dolore eu liber molestie dolore erat nulla kasd. Diam et gubergren amet eos nonumy dolor tempor vero in illum accusam voluptua magna eros eos eirmod lorem elitr. Sadipscing sit et no vel clita rebum veniam et sed quis vulputate amet dolore commodo aliquyam. Dolore sanctus aliquyam ullamcorper sed option amet dolores erat. Nonumy duo et et et cum ipsum labore dolore dolor magna eirmod imperdiet vulputate. At sit liber sit sed lorem ipsum diam kasd facer vero ut. No dolore consetetur no amet rebum.\n","publishDate":"2022-01-24T19:07:35.5043108+00:00"},{"id":8,"title":"Book 8","description":"Eos nobis sed sed tempor stet amet congue tempor liber et kasd nisl dolor sit ipsum elitr. Wisi magna ut. Augue et hendrerit duo sed congue amet est diam elitr diam vero hendrerit aliquyam sit aliquyam delenit labore ut. Sanctus vel dolore aliquyam iriure diam lorem magna eirmod accumsan nulla dolor augue eos. Amet invidunt in nonumy soluta duo tempor. Commodo tempor ipsum stet consectetuer sadipscing illum magna vel. Clita amet ullamcorper ut et.\n","pageCount":800,"excerpt":"At nonumy sanctus diam labore tempor facer sadipscing. Consetetur dolor est ea accusam at rebum et sanctus cum lorem kasd kasd facer facer ea dolor. Eirmod ut est no invidunt est. No sed tation sanctus magna minim vel esse justo diam laoreet accusam magna aliquyam nobis.\nCommodo et lorem vero sed labore sed est feugiat sit magna justo aliquip et dolores elitr sit dolores. Invidunt exerci ut esse at erat nam et nonumy elitr lorem et aliquyam. Elitr est nibh dolor tempor diam accumsan diam kasd diam kasd magna ipsum et eirmod takimata dolores est labore. Ipsum aliquyam suscipit. Te vel diam at at duis voluptua et diam eu et accusam clita eu tempor ipsum elitr dolore. Diam dolore sed labore qui diam lorem at amet sed accumsan. Autem eros amet clita wisi elit sit facilisi et nam at clita et sit ut sit sit ea. Sed feugiat ea duis vero magna vel magna sit. Sit takimata clita gubergren tincidunt labore facilisi sed hendrerit feugait magna et sit rebum dolor dolores in vero et. Ex sit dolor consetetur vero stet eum no sadipscing lorem aliquip dolor ut lorem no. Lorem elit magna. Accusam sit praesent sadipscing dolor lorem accusam consequat dolor kasd aliquam. Dolor illum iusto lorem sea duis sea et labore ipsum sed sadipscing stet duo nonumy voluptua stet. Mazim sit et ea elitr cum sed nulla dolor gubergren dolor diam kasd ut justo vel. Dolor qui dolore iusto tempor clita elitr euismod sed eu.\nNonumy et commodo aliquyam takimata eirmod erat et est feugait. Et iusto dolor illum et rebum ut. Diam sit et doming cum dolore amet amet takimata dolores. Clita dolore ipsum tempor ut est lorem erat vero ipsum dolores et lorem tempor. Clita eu dolor et zzril voluptua voluptua odio erat facer sed invidunt dolor justo est dolores velit dolore. Wisi labore accusam vero invidunt sed est dolore lorem et eirmod magna. Et feugiat diam et vero illum magna. In lorem lorem justo velit justo. Consetetur lorem vero adipiscing eirmod ea quis lorem facer sadipscing accusam gubergren sit minim zzril ullamcorper et sanctus kasd. Sea consequat velit ea duis te stet stet sanctus dolor elitr dolor stet augue kasd. Erat dolores et option lorem stet eos quis erat. Clita elitr magna nonumy erat iusto rebum at vel. Id dolore elit. Dignissim delenit dolore. Voluptua elit diam at duo mazim amet sanctus. Lorem sed minim elitr ea sadipscing amet ut tincidunt est blandit ea sadipscing et. Rebum vel accusam dolor dolor exerci vero ut aliquyam diam est duo. Duo ea eos vero diam vero erat autem. Et dolore eirmod diam amet odio nonumy rebum accumsan nulla et lorem diam.\nNulla tempor ullamcorper magna sed hendrerit duo est duo lobortis accusam. Eos voluptua voluptua amet takimata ipsum dolor aliquyam dolore erat aliquyam elitr duo ullamcorper et. Erat nibh id nonumy gubergren eirmod justo feugait dolor laoreet nisl et. Lorem facilisi in. Clita voluptua et ad duis. Ipsum et laoreet aliquyam sed aliquyam et. Justo ut dolore nibh lorem sed duo invidunt dolor ipsum consequat kasd enim vero erat sit blandit. Ut est labore aliquyam in sit nonumy. Dolor et sea esse exerci amet at eos ut sit vero commodo. Vero ut dolore erat lorem eum aliquyam. Commodo ipsum dolor commodo.\nSed et kasd. Voluptua justo vero est et sed eos justo diam. Rebum et diam luptatum. Ipsum facilisi nonumy.\n","publishDate":"2022-01-23T19:07:35.5043776+00:00"},{"id":9,"title":"Book 9","description":"Diam vel et at. No clita ad diam et et et laoreet et et vero at. Ut et adipiscing facilisis sadipscing sed justo labore. Accusam sea dolore sed tempor stet lorem duo ut ipsum nisl nobis nibh duo praesent in. Elitr consetetur sadipscing no diam erat aliquyam ipsum aliquyam eum clita justo vero sed quis ad consetetur amet. Eros esse diam in et vero dolore eum blandit consequat at.\n","pageCount":900,"excerpt":"Consequat feugiat esse ea et sea dolor ea lorem delenit tempor in lorem. Consetetur clita et eos eos ad vel consetetur wisi et. Wisi vulputate exerci et in labore et possim. Ut et lorem sanctus erat possim suscipit ea stet clita enim et tempor esse tempor. Consetetur lorem gubergren gubergren facilisis magna sanctus amet dolores commodo dolor ipsum iriure tincidunt sea voluptua ipsum. Justo dolore exerci ut ipsum zzril in autem clita magna dolore elitr aliquip et adipiscing. No lorem ea facilisi sit magna dolores dolor congue no voluptua. Eirmod tempor vel dolore invidunt dolor at at nulla aliquyam sea diam tempor dolore velit ea. Duo no sit gubergren at et consetetur clita exerci dolor esse consetetur voluptua. Autem aliquyam consequat ut sit dolore praesent consequat erat euismod elitr sit rebum tempor possim sanctus autem takimata. Dolor vulputate consequat accusam feugiat minim kasd nonummy clita amet ut qui takimata. Iusto hendrerit lorem facilisis invidunt quod sit no dolor lorem stet sed suscipit. In vel dolor lorem et labore. Amet eirmod consetetur magna minim dolor vel sed sit eirmod invidunt.\nAliquam et invidunt nisl et dolores delenit ullamcorper. Sit amet sea. Dolore dolore quod dolores lorem ipsum sanctus lorem at quod duo sed takimata aliquyam at. Kasd wisi lorem sadipscing consetetur eos autem lorem in. Euismod nisl invidunt dignissim stet invidunt diam tation ipsum ea. Sed diam nonumy vulputate amet tempor clita blandit tempor eu. Gubergren accumsan nostrud ut justo ea vulputate facilisis clita voluptua diam vero sanctus takimata nonumy. Ea ut amet in erat laoreet nonumy sadipscing rebum in esse gubergren facilisi et voluptua dolor illum eirmod aliquyam. Ipsum vel imperdiet lorem cum no diam eirmod lorem eu diam tation sadipscing magna. Esse et sed ad feugait esse dolor accusam elitr diam. Justo vel clita lorem diam nulla dolore et eirmod dolore erat consetetur. Dignissim eu est. Dolor vel voluptua dolor justo sit velit nostrud lorem.\nVero ipsum aliquyam wisi elitr sanctus dolor sit doming voluptua invidunt sea dolor rebum voluptua aliquyam vulputate vulputate. Kasd vulputate et dolore nibh sanctus amet. Erat sit eleifend delenit consequat accusam iusto eos clita dolor at ut aliquyam sanctus. Invidunt dolore sed dolor sed amet luptatum et no ipsum lorem. Et diam ut duis ipsum est dolore sit nulla gubergren et labore quis sit. Erat dolor kasd possim duo dolores no dolor labore eros ipsum et molestie sit. Sit ad magna. Sed et dolor et no iusto dolores in magna. Accusam diam aliquyam zzril ipsum ipsum feugiat sit wisi magna consetetur illum dolores labore.\nDolor dolor et. Diam nisl stet et tempor ea erat diam et suscipit et rebum consetetur dignissim accusam. Dolore sanctus amet ut.\nDelenit erat dolor. Aliquip clita illum diam gubergren dolor amet et. Dolor sit feugiat commodo elitr exerci gubergren sadipscing dolor esse consetetur labore nonumy dolores ipsum eirmod. Et eos erat nulla at erat lorem sadipscing aliquyam aliquyam sea ipsum aliquyam duo lorem dolor voluptua nihil kasd.\n","publishDate":"2022-01-22T19:07:35.5044346+00:00"},{"id":10,"title":"Book 10","description":"Molestie clita kasd sed te eos gubergren option erat labore ullamcorper kasd sea est ea. Sed ipsum tempor ullamcorper kasd diam amet dolore feugiat ipsum sanctus diam labore kasd dolor. Ipsum quis diam justo amet accusam ea consetetur. Diam eos et no commodo possim takimata luptatum sit augue ea consectetuer imperdiet velit stet vel sed takimata.\n","pageCount":1000,"excerpt":"Accusam aliquyam elitr stet facer illum dolore diam et duo ex et luptatum dolores erat facilisi voluptua. Amet amet luptatum ea ipsum dolore sit rebum et quod voluptua eros dolore lorem lorem. Dolores ut lorem accusam sadipscing ut molestie vel sadipscing amet erat et amet erat elitr dolor. Dolore te sadipscing dignissim consetetur dolore. Feugiat sed sanctus lorem at accusam sit tation erat consetetur est dolor clita vero amet eirmod et at odio. Sit invidunt et blandit congue iusto. Ut vero elitr stet quis eirmod sea et nonummy diam. Doming zzril et magna eum et lorem volutpat gubergren dolor. Eirmod iriure et sed est at takimata eirmod eum esse sadipscing stet eu diam takimata dolor vero. Elitr consetetur ipsum dolore justo laoreet gubergren ipsum lorem eu aliquyam imperdiet sea. Sanctus kasd at duo voluptua duo justo consetetur. Et diam nonumy at dolor diam erat enim ipsum amet. Clita dolor consectetuer elitr sit rebum. Amet ea consectetuer rebum et nonumy ut. Sed nonumy aliquyam ut ipsum aliquyam dolore rebum vero erat dolor duis ipsum sit accusam et labore diam.\nIn ipsum clita sit et gubergren amet gubergren dolores eum dolor. Nonumy gubergren clita est dolor consequat lorem diam kasd et. Sea et ea diam elitr amet magna delenit consequat nonumy exerci invidunt euismod facilisis no. Vero assum justo gubergren odio wisi sit ut. Eum amet dolores consequat sit erat diam diam vero erat erat nostrud dignissim stet iusto molestie. Dolor illum vulputate diam ipsum ut accusam eos ea accumsan dolore nibh invidunt odio magna invidunt rebum sit vero. Sed tempor feugait id et sed euismod takimata diam duo lorem et vero consectetuer et volutpat. Ut dolores gubergren rebum est dolore magna feugait dolores laoreet lorem elit et voluptua. Adipiscing sea iriure eum rebum eros tincidunt. Duo tempor rebum sea ipsum justo eu no dolore amet sanctus eirmod consequat aliquam justo clita et. Amet consectetuer et labore exerci elitr in in. Euismod stet ipsum gubergren et sit ut.\nLorem at vero amet dolores cum sed veniam et aliquyam. Lorem at labore esse sanctus et sit odio tempor ipsum esse illum sanctus amet magna sit diam vero clita. Dolores et sed sit nonumy in dolore clita sed amet eos justo sea takimata dolor et eu. Gubergren duo labore diam eos cum. Eu blandit consetetur ex.\nEos quis dolore vero no voluptua kasd labore congue voluptua illum consequat voluptua esse erat dolores est sit. Elitr ipsum gubergren dolor lorem sit no tempor sit sadipscing takimata est. Ea eirmod eirmod diam ad elitr aliquam consetetur diam dignissim at quis assum gubergren nulla ullamcorper possim. Ut euismod sed assum quis. Facilisi tempor dolore at magna accumsan augue magna duo et accusam ea justo lorem nisl ut ut dolor est. Ullamcorper gubergren nonumy eum accusam sadipscing et ut stet in labore. Dolor in no rebum elitr augue quod. Ut vulputate clita soluta rebum sed. Et dolor rebum. Justo erat erat erat no invidunt labore invidunt sed et nonumy dolores eros invidunt sit consequat. Illum consetetur ad et nam at vel at veniam accusam invidunt.\nEirmod voluptua voluptua sed ipsum ea eos nonumy elitr eirmod vulputate esse dolor stet dolore consetetur iriure nulla facilisis. Lobortis diam ea sadipscing. Nonummy labore gubergren justo. Delenit ut suscipit sed dolore sit. Invidunt sit et diam esse vero vel tempor wisi erat et sanctus autem est diam vel nulla dolor justo. Magna est elitr dolore odio elitr erat dolor eirmod ea et ad nibh kasd feugait ea. Rebum ipsum dolore sadipscing gubergren dolor. Et sed at et gubergren sadipscing labore voluptua diam duo diam ipsum consequat nonumy diam stet augue velit.\n","publishDate":"2022-01-21T19:07:35.5044995+00:00"},{"id":11,"title":"Book 11","description":"Lobortis placerat ex accusam eirmod erat sed. Eum sadipscing takimata tempor veniam sea sit et et ut ipsum eos nonumy gubergren tempor stet eos molestie. Dolore dolor dolor justo est diam consequat eirmod dignissim magna duo labore ad.\n","pageCount":1100,"excerpt":"No delenit soluta at at. Justo eos amet facer ipsum praesent facilisis et. Feugiat ea ut wisi te voluptua lorem.\nAssum nibh justo tempor tempor et voluptua diam elit accusam. Est sed accusam lorem in ea vel labore ipsum et et velit feugiat. Est iriure nonummy sed et dolor laoreet ut voluptua dolor rebum velit eleifend lorem. Magna ipsum nonumy quis ipsum vel euismod. Stet hendrerit stet eirmod consetetur ea kasd. Tation sit amet diam quis erat consectetuer diam hendrerit lorem quis accusam eos.\nElit stet facer sea at aliquyam tation quod consetetur diam amet gubergren commodo amet eirmod iriure rebum dolor. Ut sit luptatum eos et dolor erat eros labore dolore. Dolore eos labore dolores. Vero esse lorem augue amet sed rebum tempor stet amet. Gubergren vulputate esse voluptua sea mazim aliquam iusto aliquyam lorem. Et blandit tation stet eos dolore liber sed accusam et et et amet. Eu enim tincidunt duis dolor vulputate. Dolor ullamcorper sit iriure qui autem labore duo et et consetetur odio sanctus dolor consetetur magna congue ut. Diam amet dolore sed consetetur kasd. Gubergren dolore et. Sadipscing sit consequat consequat ut sit consequat. Ut tation suscipit. Vero duo euismod aliquam diam volutpat ea eros no. Amet aliquyam aliquip rebum et ipsum volutpat ipsum eirmod enim duo lorem.\nAmet wisi eirmod ipsum clita et lorem tempor in. Sed kasd tempor kasd duo sed dolores sit magna consetetur gubergren sit ea. Et elit gubergren accusam sit no stet elit dolor dolore justo tempor et accumsan aliquyam facilisis. Eirmod magna esse stet consetetur hendrerit sea consequat volutpat molestie zzril.\nStet lorem sanctus et et enim aliquyam ut sit nostrud. Amet lorem kasd eum clita odio odio sanctus. Invidunt takimata et amet. Accusam eos nonumy sed nonumy nonumy vulputate et blandit. Justo sit in ipsum autem et. Accusam ipsum dolores nisl erat. Amet dolor duo dolor gubergren nibh. Aliquyam no amet ipsum facilisi clita gubergren dolores lorem justo dolor. Eirmod minim in no tempor.\n","publishDate":"2022-01-20T19:07:35.5045389+00:00"},{"id":12,"title":"Book 12","description":"Sed tempor suscipit duis ut elitr rebum qui no illum nonumy. Lorem tempor et invidunt rebum diam consetetur congue sed odio takimata elit volutpat ipsum stet sanctus qui rebum. Elit sanctus ut takimata rebum dolores odio feugait lorem in suscipit eos esse diam at.\n","pageCount":1200,"excerpt":"Commodo est aliquyam elitr ut dolor aliquyam est in. Et consequat consetetur est nonumy et eros ad tation eu eu ipsum dolores clita invidunt sed. Accumsan et kasd. Et dolores sea illum stet aliquyam est tempor. Clita sit esse lorem elitr labore justo iusto. Sanctus dolor tation magna vero ipsum esse quod euismod. Duo consetetur tempor sadipscing amet stet. Dolores lorem commodo vel et erat dolore.\nEa vel et dolor et dolores duo. Vulputate est diam ipsum sed labore gubergren amet dolores et ipsum elit diam ipsum qui eos eum. Magna hendrerit et sed facilisi ipsum consequat sea stet consetetur nonumy vel sed gubergren. Amet vulputate erat voluptua amet voluptua velit option et. Esse et eum et consetetur. Sadipscing est iriure gubergren sanctus nonumy dolor nulla. Eirmod amet sadipscing justo. Kasd no ipsum sed sed tempor esse duo.\nDolore ipsum rebum eu sit. In sit cum kasd wisi delenit sed kasd commodo gubergren et dolores elitr rebum ea tation. Sanctus dolor clita invidunt clita consectetuer magna at placerat nulla lorem. Magna duo tempor sadipscing sea diam stet dolores invidunt lorem justo et dolores lorem. No no sanctus no tincidunt rebum dolores eirmod voluptua consetetur consetetur lorem. Consectetuer ut dolore facilisi ea accumsan nonummy ut sea lorem voluptua magna et diam qui dolor. Volutpat duis dolor ipsum sadipscing amet consequat commodo est nonumy ut stet labore stet sadipscing diam accumsan sanctus. Takimata sadipscing qui consectetuer eirmod feugiat takimata ea volutpat augue.\nTincidunt et duis delenit eos gubergren et sanctus diam ut option nihil ut ipsum aliquyam lorem vulputate takimata. Sed dolore clita ea nonumy eos justo ut. Nonumy eirmod et at amet takimata. Nonumy lorem odio augue justo et eos diam ut invidunt eos. Eros duo nonumy erat duis at takimata gubergren. Labore erat hendrerit diam tempor duo labore sed enim ut erat clita et sed et liber labore. Et dolore lobortis esse ut stet sit ipsum euismod sanctus sadipscing clita zzril vero eirmod rebum magna ea consequat. Diam sit in justo quis sit lorem eirmod et aliquyam molestie tempor duo gubergren nonumy et. Elitr ut vero amet ipsum ut invidunt takimata in amet nonumy clita duis accusam tincidunt aliquip ut.\nEt eos dolor sadipscing dolor takimata stet congue rebum takimata lorem minim. Et nulla eos at ut dolor diam justo qui rebum gubergren dolores rebum dolores wisi. Lorem sed labore diam et at amet et ipsum consetetur ut rebum sit stet vel sea dolor eum clita. Facilisis enim dolor et justo consequat sadipscing ut lobortis et justo rebum nonumy eirmod delenit gubergren consetetur kasd lorem. Rebum gubergren dolores kasd dolores ea eirmod sadipscing lorem takimata dolor sit magna no.\n","publishDate":"2022-01-19T19:07:35.5045867+00:00"},{"id":13,"title":"Book 13","description":"Takimata dolor sit tempor et ut takimata laoreet labore accusam iriure duis odio ea quis. Aliquyam vero tempor nibh sea sanctus vero eirmod sit id ipsum et molestie. Amet rebum vel accusam suscipit diam dolor dolor aliquam sadipscing amet. Sed lobortis elitr aliquip vel te dolor eos takimata. Rebum amet vel eirmod gubergren sit diam clita rebum. Sit ad vel eos et nonummy.\n","pageCount":1300,"excerpt":"Et eirmod facer stet et eos et ea lorem. Gubergren laoreet imperdiet tincidunt dolor et dolor et lorem. Feugiat lorem feugiat ea duo diam elitr consetetur luptatum et aliquyam wisi eirmod duo eirmod invidunt accusam est. Dolor doming in erat eirmod diam voluptua tincidunt ea gubergren et sea ullamcorper nonumy vel. Dolore ipsum kasd consequat nihil est augue magna duo. Consectetuer et dolor nonumy exerci labore ut dolor no. Accusam et suscipit sed clita facer eos tincidunt magna gubergren duis et et et.\nKasd dolor ut amet sanctus voluptua iriure rebum est dolores et. Sadipscing magna augue amet ad sadipscing kasd voluptua nibh. Wisi rebum amet takimata sed et. Voluptua nonummy veniam dolor dolore et ipsum tincidunt vel consectetuer sed invidunt gubergren et stet ipsum clita. Laoreet amet ipsum takimata dolore luptatum rebum duis invidunt delenit at lorem. Sadipscing feugait gubergren aliquyam. Sed consequat sed clita nulla dolore aliquam aliquyam tincidunt illum kasd. Facilisi magna et vero quis luptatum placerat sit. Iusto nisl elitr consetetur eos dolore kasd ut odio adipiscing aliquyam dolor. Dolores eirmod erat diam.\nVero amet est dolore et dolore quis diam nonummy vero dignissim. Tempor duis nonummy vel consetetur facer takimata facilisis nonumy dolor sadipscing dolor minim et. Sit dolore sed sed feugiat ipsum diam sed eirmod kasd et elitr sanctus sea et lorem. Et at molestie clita te at invidunt no ut ea nostrud nibh et vero ipsum ut sanctus. Vulputate amet placerat vero sadipscing commodo dolor consectetuer ullamcorper at kasd vulputate et duis consetetur. Tincidunt amet voluptua amet sit gubergren invidunt voluptua sit sed velit sit exerci et invidunt amet takimata kasd eirmod. Dolor nonumy eirmod enim esse dolores duo voluptua. Sed dolore minim ut justo vel accumsan sadipscing invidunt ullamcorper sed aliquam dolor diam ut lorem nulla. Gubergren exerci et et amet. Voluptua duis enim est id et amet diam illum aliquam et vulputate et et sadipscing iriure iriure.\nAccusam et eleifend eirmod kasd dolores dolor est sed velit kasd elitr zzril. Stet consetetur lorem dolores est velit. Elit invidunt sed ullamcorper rebum delenit dolores hendrerit accusam et sadipscing sanctus velit amet et suscipit lorem eos. Duis no est tempor volutpat ea praesent ut duo invidunt ea ut lorem erat nonumy. Dolor sed nibh no sit takimata consequat. Sed magna labore magna sit in no tempor ipsum. Aliquyam ut augue odio elitr sea sit voluptua. Ipsum clita quis dolores sed gubergren adipiscing invidunt voluptua et diam nulla. Duo dolor dolore wisi amet. Invidunt odio amet vero. Dolor elitr amet nulla sed duo. Aliquyam aliquyam at no in praesent. Accumsan labore labore nibh et at et et consetetur rebum. Sed dolor velit lorem et nulla dolores amet sed tempor lorem dolor. Enim diam eleifend amet iriure stet sanctus hendrerit kasd nonumy facilisis sadipscing eos. Nobis gubergren diam vel dolor sadipscing stet molestie accusam in amet lobortis et quis ipsum. Sit et et dolor sed ea dolor sit et accusam dolore aliquyam tempor vero voluptua eirmod consectetuer rebum diam. Sanctus ut hendrerit justo.\nGubergren option sit magna illum magna invidunt no elitr accusam voluptua et. Veniam odio rebum consetetur ipsum stet eu facilisis ipsum accusam lobortis esse te. Tempor velit praesent nulla sanctus dolore sit sanctus quis voluptua velit eos erat labore dolores sadipscing zzril ut. Adipiscing dolores dolor invidunt ipsum nonumy nulla. Ut vero magna et rebum ipsum.\n","publishDate":"2022-01-18T19:07:35.5046481+00:00"},{"id":14,"title":"Book 14","description":"Volutpat et lorem dolore invidunt consetetur stet clita et gubergren dolor sit ea et clita et erat. Et nulla rebum lobortis stet et ipsum sit dolores nisl feugait ipsum ex eirmod lorem et et. Possim dolore ut eu ipsum et delenit commodo diam lobortis dolore nisl eirmod justo et amet ut consequat autem. Clita amet clita magna vero sed. Tincidunt sed amet aliquam et tempor delenit hendrerit facer laoreet iusto sanctus in dolore. Et et eos accusam dolor eu est sed tation magna commodo velit. Clita et et ea gubergren ut takimata takimata vero ut voluptua no ipsum dolor. At aliquyam takimata autem diam sanctus quod est sit sea sit sit lorem consetetur et qui. Ipsum in adipiscing dolores vulputate consequat magna placerat placerat elitr magna sed kasd ut ut facilisis aliquyam clita ullamcorper. Augue velit dolor duo sit ipsum sea nibh kasd sed sed tempor nam sed dolore elit magna et. Vel commodo elitr vel gubergren ut duo diam sit dolor lorem magna. Ipsum gubergren ea mazim ut sea aliquyam magna blandit consetetur. Accusam et diam in dolores elit ut minim et dolor at sed nobis vulputate accusam est rebum diam sed. Dolor consectetuer duis. Tempor et et nostrud lorem elitr no erat ea sea est aliquam sanctus nonumy amet minim tincidunt erat.\n","pageCount":1400,"excerpt":"Et commodo wisi dolor amet sit vero. Illum esse magna accusam. Duo quis ipsum eros magna elitr adipiscing stet dolor. Diam exerci consetetur elitr duis volutpat stet tempor takimata tempor. Clita accusam rebum lorem lorem in suscipit magna. Vero sea clita. Sadipscing sit dolores. Stet ut labore lorem imperdiet ipsum eu diam duo dolor clita placerat. Amet dolore ut et eirmod amet erat lorem qui lorem et dolores nulla ipsum stet. Te sadipscing ipsum et ipsum sit in amet diam velit dolores. Accusam invidunt volutpat odio stet lorem sea placerat no sed facilisis. Tempor justo sanctus sea sed amet facilisis aliquam et. Eirmod veniam elitr at hendrerit aliquyam dolor ut duo in lorem accusam sea. Accusam lorem amet diam no sed duo tempor dolor. Eos justo augue tempor amet tempor rebum sea molestie eos amet lorem diam at. Amet sit ipsum lorem diam sit feugiat vel eirmod lorem sadipscing nisl ea option volutpat aliquyam.\nConsetetur dolores et sanctus dolor invidunt diam dolore gubergren accusam kasd sea in iusto ipsum eum amet odio. Clita gubergren elitr dolore et praesent ea sanctus veniam ipsum dolore sed voluptua ipsum hendrerit. Amet accusam nonumy nonumy erat diam eos consequat et kasd diam kasd dolores nulla sed kasd. Et dolore praesent amet ut ipsum aliquyam blandit amet stet ut et ad eos doming stet amet labore. Molestie nulla invidunt dolor facilisis consetetur velit magna soluta. Nam wisi rebum labore ea facilisis et delenit gubergren ad lobortis lorem veniam dolores dolore ut ipsum. Amet est et eos magna aliquyam sit aliquam. Consetetur ipsum dolore sit. Aliquam lorem commodo ipsum ipsum magna. Erat vero sit autem ea erat ut facilisis accusam et no dolor ut nibh wisi. Lobortis amet stet labore veniam sed ipsum. Aliquyam et diam justo et dolores stet vel vero consequat vero labore. Rebum ut amet diam sit kasd diam lorem justo amet elitr dolor te eirmod. Nam diam lorem dolor kasd. Stet amet wisi amet elitr. No tempor ipsum amet consetetur exerci dolore et. Sit elitr et sit ea augue eu sadipscing sed lorem.\nAmet vero nibh nonumy ex at lorem diam et lorem doming kasd stet eos. Facilisi sea at. Sadipscing iriure et rebum dolore nulla sanctus lorem tempor lobortis qui nulla consetetur dolores. Aliquyam ut diam duo aliquip sit no sadipscing. Eirmod esse nam takimata gubergren. Diam sadipscing rebum duis elitr at sanctus ut amet consetetur dolore. Eos consetetur dolore lorem amet dolore. Erat sit diam sed justo justo dolore amet clita accusam justo. Consectetuer hendrerit in dolor ex eirmod et et. Suscipit ipsum eirmod vero clita ullamcorper erat sadipscing cum sit luptatum. Voluptua ea adipiscing gubergren eos accusam invidunt amet magna sed.\nIpsum volutpat et amet takimata sadipscing. No facer accumsan tempor wisi at at lorem tation blandit nonumy enim zzril lorem facilisis autem voluptua duo sit. Esse clita magna ea ipsum. Rebum zzril facilisis invidunt elitr sit dolor et dolor diam lobortis justo accusam consectetuer accumsan nostrud vulputate eos vel. Et duo invidunt consectetuer nisl et ipsum rebum feugiat aliquyam suscipit vel ullamcorper ipsum ut. Accusam ipsum ipsum vero sed sed et eirmod vero stet. Duo cum lorem kasd dolor clita dolores nulla lorem dolor elitr labore duo sadipscing sed autem aliquyam vero. Eum voluptua te ipsum magna quis. Eos elitr nihil labore vero eos elitr accusam sit. Elitr accusam et augue ut. Suscipit vero imperdiet sed ipsum eu justo facilisi ut consetetur aliquyam nonumy consectetuer aliquyam ut vero iusto. Sed amet et minim facilisis voluptua nulla volutpat ipsum in invidunt dolor diam iusto rebum. Tempor invidunt rebum molestie velit aliquam ipsum diam feugiat tempor justo ut est sed ea. Eum exerci sadipscing ad volutpat blandit vel ea in diam eum magna volutpat ipsum gubergren nulla dolores. Kasd elitr eirmod molestie et ut nonumy euismod amet. Dolor ea takimata. Vero kasd invidunt sed enim assum et esse illum lobortis voluptua. Sed ullamcorper volutpat sed dolore ad sit et lorem et aliquyam aliquyam feugait molestie. Vel takimata no ullamcorper eos aliquam duo wisi sit ad et ipsum amet et vulputate labore iusto accusam et.\nQuis tempor molestie sed erat sit gubergren et ipsum vero dolor lorem accusam gubergren sit ipsum. In consetetur duo ut amet ex nostrud magna ea rebum veniam. Facilisis eirmod minim et. Vero eirmod ea sed ullamcorper ipsum sed magna lorem dolor kasd voluptua consetetur eirmod nonumy amet no accumsan est. Accumsan feugiat euismod duo kasd et amet amet. Tempor lobortis in sit erat erat adipiscing est no et amet magna sit et feugait lorem sadipscing tation diam. Ut sea sadipscing sadipscing. Dignissim eleifend sit kasd commodo ullamcorper justo duis magna sadipscing tempor amet. Rebum sed amet vulputate sanctus luptatum clita ea amet dolor odio sed dolores sed mazim.\n","publishDate":"2022-01-17T19:07:35.504751+00:00"},{"id":15,"title":"Book 15","description":"Voluptua takimata duo magna ut amet sanctus dolores ipsum takimata tempor nonumy amet nulla dolor sanctus. Clita erat aliquip eu dolores takimata invidunt. Consequat vero et est. Sadipscing dolores erat exerci voluptua accumsan esse accusam ut dolor et dolor enim. Sit et clita ea ex.\n","pageCount":1500,"excerpt":"Lorem et vel esse est dolor takimata. Takimata at aliquyam consetetur nostrud qui congue hendrerit et diam accusam in vel elitr dolores consectetuer sed dolor quod. Et sed nonumy hendrerit erat et aliquyam eu est euismod eu et justo eos wisi at amet. Aliquyam lorem at lorem. Tempor soluta at cum eirmod elit liber sit.\nFeugiat cum dolor ea ipsum amet dolor amet et dolores diam. Sed labore vero eirmod. Stet consetetur dolor diam no cum dolor elitr stet facilisi exerci sit sed. Nulla molestie hendrerit vero sed vel ipsum et. Sit ipsum tempor delenit stet clita eos sit consetetur lorem elitr nostrud nobis ipsum gubergren et at euismod. Amet tempor gubergren est ipsum et sed. Nonummy ut invidunt ut te. Dignissim clita zzril velit vero diam gubergren gubergren sit feugiat et dolores. Clita erat eum justo. At et voluptua sed consetetur stet clita nonumy clita sed aliquyam consequat. Tincidunt ea diam iriure tation sit dolor no lorem. Diam dolor ea luptatum at lorem accusam consequat et eos eos invidunt. At sed ut gubergren dolor kasd et dolores odio rebum dolore kasd nostrud vero iriure velit. Odio feugiat at praesent sed sea accusam nonumy voluptua diam dolore vel sit. Nulla feugiat sadipscing justo et consetetur. Vel rebum lorem diam eirmod labore veniam labore magna sit mazim possim ipsum. Et aliquyam ea sadipscing dolore et. Lorem duo labore sit diam amet rebum et ipsum molestie est vero dolores. Sit sed voluptua sea no esse euismod zzril no.\nInvidunt eos consetetur clita lorem et kasd lorem est et et ea tempor sed ut vero nobis ipsum. Labore facilisis erat diam zzril et et aliquyam consectetuer clita diam velit ea. Aliquip diam nonumy amet amet. Erat et takimata sadipscing invidunt ipsum invidunt sed at congue ea sed. Adipiscing gubergren dolor sadipscing dolor sea. Lorem duo dolore gubergren nibh ipsum. Ut sit diam ut eirmod lorem et sit in dolore.\nEst accusam ea aliquip et ea dolor sit gubergren magna tempor wisi feugiat dolor lorem commodo et. Ipsum est dolore dolore. Et diam wisi diam vero magna ut diam accusam nonumy consetetur est et eos magna. Sit nonumy lorem ipsum dolor stet suscipit duo sanctus est erat ea sea magna te eirmod amet.\nAliquyam dolor et ipsum ea clita amet aliquam dolor nonumy ipsum. Imperdiet justo sit ut et diam dolor. Dolore duo sea dolores takimata eirmod dolor sit vero at feugiat diam diam vero tempor aliquyam clita erat. Euismod et ipsum magna ut erat odio sea iusto eum invidunt consetetur ea kasd et quis vero. Eos vero kasd autem sanctus takimata. Soluta diam nonumy at nobis at amet lorem vero id volutpat duo kasd diam ut amet et tempor. Dolores invidunt eum aliquyam elitr justo magna. At nonumy lorem stet sit exerci. Ea et diam takimata lobortis consequat eros nulla. Stet ut dolor et invidunt aliquyam consetetur justo nulla est dolore duis. Et facilisis duis diam sed labore veniam ipsum ea stet ex dolor vero ut ex. Ut sit ipsum sanctus amet amet et vel lorem dolor est sanctus consequat dolores. Et adipiscing invidunt sed hendrerit dolor sit magna nisl vero justo dolore sit dolor. Magna ea dolore tempor nibh praesent ex elitr sit. Sed invidunt in.\n","publishDate":"2022-01-16T19:07:35.5048111+00:00"},{"id":16,"title":"Book 16","description":"Nonumy liber eos clita iusto lorem. Et duo magna labore. Et facilisis praesent laoreet dolor magna et et ipsum magna takimata et et sit amet magna dolor. Sit dolor dolore cum hendrerit qui ut. Sea sea et magna elitr et duis labore vel eirmod aliquam consequat at dolor mazim et duo adipiscing sit. Lorem dolor rebum. Sit consequat aliquyam at justo nibh id at vero nonumy aliquyam et labore ipsum no magna dolor. At dolore magna ipsum autem dolor est sit dolor amet invidunt ipsum elitr nonumy. Erat vero sit diam ipsum dolore consequat duo. Diam vero ipsum invidunt in tempor dolor lorem et consetetur ipsum dolores amet dolore dolor. Tempor sed consequat et vero sit ex ipsum et et rebum at sea.\n","pageCount":1600,"excerpt":"Elit amet et duis diam sea amet labore dolor ut voluptua sit ipsum ipsum stet sea amet est. Liber gubergren erat velit dolore magna justo labore ipsum consequat assum ipsum diam clita consetetur accusam et. Ipsum kasd ad eirmod erat nulla lorem ipsum eirmod lorem sanctus ullamcorper doming dolore sadipscing aliquyam et doming invidunt. Invidunt lobortis ea rebum erat justo at et rebum. Ut et aliquyam est imperdiet ut gubergren lorem. Consequat nisl nonumy dolore ipsum vero. Eos ipsum no kasd ipsum ea ipsum laoreet kasd nonumy in ea sit vero. Elitr voluptua facilisis lorem nisl nonumy eirmod sadipscing eleifend in. Erat dolor voluptua gubergren. Sit lorem no kasd rebum autem et. Sit sit sit stet et dolor kasd veniam kasd dolor facilisis. Accusam sit erat est vel mazim delenit facilisis duis tincidunt quis. Elit labore vero rebum est eos et. Lobortis cum sanctus kasd. Gubergren est eu assum duo diam dolore augue dolor dolores nobis quod lorem vel amet sanctus ipsum sed. Vero clita stet accusam labore esse luptatum justo. Sadipscing sed eleifend labore eirmod sed tempor autem. Sed sed laoreet at autem sanctus clita et dolores. Gubergren dolore aliquyam clita magna lorem sed eirmod sit diam sed suscipit.\nEos tempor consequat diam. Dolores eos sed consetetur elitr dolore vero ut rebum qui dolore aliquam tempor dolore. Lorem invidunt et amet sit lorem sed. Ut clita mazim adipiscing takimata praesent vel consequat rebum eirmod elitr. Dolores takimata euismod facilisis et duis magna dolore soluta ut sadipscing dolore aliquip nonumy kasd eirmod. Sed eos est sit nonumy exerci lorem esse diam et sit eirmod sed stet vel molestie. Ipsum sit sit et sit augue ea ea dolores eu accusam et nonummy eos ad sit invidunt laoreet. Dolores magna diam duo sed consetetur magna elit labore nulla consequat clita voluptua eirmod vel lobortis consetetur ut. Odio ut magna ut diam voluptua et suscipit et stet elitr hendrerit erat tempor est ipsum amet sit. Velit dolor stet diam sadipscing sanctus dolore no et minim ea dolor ipsum nonumy ad duo. Eirmod nonumy nonumy lorem rebum lobortis kasd duo dolor sit diam lorem stet sea sadipscing invidunt eirmod. Dignissim consetetur voluptua magna et tempor in lorem ut labore invidunt ipsum velit lorem. Sadipscing lobortis dolor et diam no labore invidunt soluta. Justo takimata esse. Consectetuer blandit et option magna et aliquam sea amet et duo stet feugiat quis sanctus dignissim dolor. Velit kasd diam nulla dolor labore magna duis eleifend nonummy sadipscing lorem possim vulputate et accusam. Qui nisl ut voluptua voluptua diam tempor et et ex amet. Sanctus sed amet takimata tempor dolor nonumy eum eum vel voluptua vero sea vel kasd takimata aliquyam. Elitr vulputate in.\nInvidunt dolore aliquyam. Voluptua lorem quod iriure aliquyam lorem lobortis ipsum ut dolor et nulla consequat ipsum. Dolor facer aliquam dolore iusto tation vel rebum at ipsum vero euismod dolores sed cum ut doming. Invidunt invidunt duis dolor stet dolor amet sea facilisis no. Sed sed aliquam aliquyam sanctus. Stet at in est voluptua justo magna accusam amet nostrud dolores laoreet no et. Voluptua lorem possim diam ut ut clita sed. Hendrerit aliquip et ut blandit est dolor lorem ipsum at consectetuer eos et ut consequat gubergren elit sadipscing. Eros est dolore. Et est sit lorem in commodo invidunt nonummy iriure accusam sed lorem sed sadipscing eu zzril. Diam labore vero erat et ipsum amet autem exerci volutpat nostrud stet at stet duo rebum.\nAt feugiat congue duis lorem est sadipscing dolores vero vero. Odio magna et molestie eirmod stet kasd aliquyam luptatum magna amet esse ea commodo et consetetur ipsum. Placerat ad sit vero amet ea elitr voluptua sed dolor eum takimata accusam dolores invidunt et erat justo erat. Diam autem ut aliquyam est elitr kasd diam ut gubergren lorem eirmod clita in dolore amet tempor at. Amet invidunt sit. Lorem gubergren iusto rebum est est aliquyam. Eum dolor sea eos tation blandit magna invidunt sanctus sanctus clita magna in stet et aliquyam ea ea. Erat sit et lorem dolor ut soluta praesent dolore justo sit eirmod nobis amet takimata. Magna vero vel duis ut illum lorem ex dolor et nonummy ipsum esse consetetur esse. Invidunt stet consequat justo feugiat dolor justo diam takimata feugiat sed eirmod.\nMagna et sanctus labore ipsum tempor ipsum et d
[...]
<arg>${Resposta_API.status_code}</arg>
<arg>${STATUS_CODE}</arg>
<doc>Fails if objects are unequal after converting them to strings.</doc>
<msg timestamp="20220131 16:07:36.938" level="INFO">Argument types are:
&lt;class 'int'&gt;
&lt;type 'unicode'&gt;</msg>
<status status="PASS" starttime="20220131 16:07:36.937" endtime="20220131 16:07:36.938"/>
</kw>
<status status="PASS" starttime="20220131 16:07:36.937" endtime="20220131 16:07:36.938"/>
</kw>
<kw name="Conferir reason" library="ResourceAPI">
<arg>OK</arg>
<kw name="Should Be Equal As Strings" library="BuiltIn">
<arg>${Resposta_API.reason}</arg>
<arg>${REASON}</arg>
<doc>Fails if objects are unequal after converting them to strings.</doc>
<status status="PASS" starttime="20220131 16:07:36.939" endtime="20220131 16:07:36.939"/>
</kw>
<status status="PASS" starttime="20220131 16:07:36.938" endtime="20220131 16:07:36.939"/>
</kw>
<kw name="Conferir se retorna todos os dados corretos do livro 15" library="ResourceAPI">
<kw name="Dictionary Should Contain Item" library="Collections">
<arg>${Resposta_API.json()}</arg>
<arg>id</arg>
<arg>${Livro1.id}</arg>
<doc>An item of ``key`` / ``value`` must be found in a ``dictionary``.</doc>
<status status="PASS" starttime="20220131 16:07:36.940" endtime="20220131 16:07:36.941"/>
</kw>
<kw name="Dictionary Should Contain Item" library="Collections">
<arg>${Resposta_API.json()}</arg>
<arg>title</arg>
<arg>${Livro1.title}</arg>
<doc>An item of ``key`` / ``value`` must be found in a ``dictionary``.</doc>
<status status="PASS" starttime="20220131 16:07:36.941" endtime="20220131 16:07:36.942"/>
</kw>
<kw name="Dictionary Should Contain Item" library="Collections">
<arg>${Resposta_API.json()}</arg>
<arg>pageCount</arg>
<arg>${Livro1.pageCount}</arg>
<doc>An item of ``key`` / ``value`` must be found in a ``dictionary``.</doc>
<status status="PASS" starttime="20220131 16:07:36.942" endtime="20220131 16:07:36.943"/>
</kw>
<kw name="Should Not Be Empty" library="BuiltIn">
<arg>${Resposta_API.json()["description"]}</arg>
<doc>Verifies that the given item is not empty.</doc>
<msg timestamp="20220131 16:07:36.944" level="INFO">Length is 1023</msg>
<status status="PASS" starttime="20220131 16:07:36.943" endtime="20220131 16:07:36.944"/>
</kw>
<kw name="Should Not Be Empty" library="BuiltIn">
<arg>${Resposta_API.json()["excerpt"]}</arg>
<doc>Verifies that the given item is not empty.</doc>
<msg timestamp="20220131 16:07:36.944" level="INFO">Length is 3838</msg>
<status status="PASS" starttime="20220131 16:07:36.944" endtime="20220131 16:07:36.944"/>
</kw>
<kw name="Should Not Be Empty" library="BuiltIn">
<arg>${Resposta_API.json()["publishDate"]}</arg>
<doc>Verifies that the given item is not empty.</doc>
<msg timestamp="20220131 16:07:36.945" level="INFO">Length is 33</msg>
<status status="PASS" starttime="20220131 16:07:36.944" endtime="20220131 16:07:36.945"/>
</kw>
<status status="PASS" starttime="20220131 16:07:36.940" endtime="20220131 16:07:36.945"/>
</kw>
<status status="PASS" starttime="20220131 16:07:36.661" endtime="20220131 16:07:36.946"/>
</test>
<test id="s1-t3" name="POST">
<kw name="Cadastrar um novo livro" library="ResourceAPI">
<kw name="Create Dictionary" library="BuiltIn">
<var>${HEADERS}</var>
<arg>content-type=application/json</arg>
<doc>Creates and returns a dictionary based on the given ``items``.</doc>
<msg timestamp="20220131 16:07:36.948" level="INFO">${HEADERS} = {'content-type': 'application/json'}</msg>
<status status="PASS" starttime="20220131 16:07:36.948" endtime="20220131 16:07:36.948"/>
</kw>
<kw name="Post Request" library="RequestsLibrary">
<var>${Resposta_API}</var>
<arg>fakeAPI</arg>
<arg>Books</arg>
<arg>data={"id": ${BOOK_2323.id}, "title": "${BOOK_2323.title}", "description": "${BOOK_2323.description}", "pageCount": "${BOOK_2323.pageCount}", "excerpt": "${BOOK_2323.excerpt}", "publishDate": "${BOOK_2323.publishDate}"}</arg>
<arg>headers=${HEADERS}</arg>
<doc>Send a POST request on the session object found using the
given `alias`</doc>
<msg timestamp="20220131 16:07:37.178" level="INFO">POST Request : url=https://fakerestapi.azurewebsites.net/api/v1//Books 
 path_url=/api/v1//Books 
 headers={'User-Agent': 'python-requests/2.27.1', 'Accept-Encoding': 'gzip, deflate', 'Accept': '*/*', 'Connection': 'keep-alive', 'content-type': 'application/json', 'Content-Length': '135'} 
 body=b'{"id": 2323, "title": "teste", "description": "teste", "pageCount": "1", "excerpt": "teste", "publishDate": "2018-04-26T17:58:14.765Z"}' 
 </msg>
<msg timestamp="20220131 16:07:37.178" level="INFO">POST Response : url=https://fakerestapi.azurewebsites.net/api/v1//Books 
 status=200, reason=OK 
 body={"id":2323,"title":"teste","description":"teste","pageCount":1,"excerpt":"teste","publishDate":"2018-04-26T17:58:14.765Z"} 
 </msg>
<msg timestamp="20220131 16:07:37.178" level="INFO">C:\Users\Suporte\AppData\Local\Programs\Python\Python310\lib\site-packages\urllib3\connectionpool.py:1043: InsecureRequestWarning: Unverified HTTPS request is being made to host 'fakerestapi.azurewebsites.net'. Adding certificate verification is strongly advised. See: https://urllib3.readthedocs.io/en/1.26.x/advanced-usage.html#ssl-warnings
  warnings.warn(</msg>
<msg timestamp="20220131 16:07:37.179" level="INFO">${Resposta_API} = &lt;Response [200]&gt;</msg>
<status status="PASS" starttime="20220131 16:07:36.948" endtime="20220131 16:07:37.179"/>
</kw>
<kw name="Log" library="BuiltIn">
<arg>${Resposta_API.text}</arg>
<doc>Logs the given message with the given level.</doc>
<msg timestamp="20220131 16:07:37.180" level="INFO">{"id":2323,"title":"teste","description":"teste","pageCount":1,"excerpt":"teste","publishDate":"2018-04-26T17:58:14.765Z"}</msg>
<status status="PASS" starttime="20220131 16:07:37.180" endtime="20220131 16:07:37.180"/>
</kw>
<kw name="Set Test Variable" library="BuiltIn">
<arg>${Resposta_API}</arg>
<doc>Makes a variable available everywhere within the scope of the current test.</doc>
<msg timestamp="20220131 16:07:37.181" level="INFO">${Resposta_API} = &lt;Response [200]&gt;</msg>
<status status="PASS" starttime="20220131 16:07:37.180" endtime="20220131 16:07:37.181"/>
</kw>
<status status="PASS" starttime="20220131 16:07:36.948" endtime="20220131 16:07:37.181"/>
</kw>
<kw name="Conferir Status Code" library="ResourceAPI">
<arg>200</arg>
<kw name="Should Be Equal As Strings" library="BuiltIn">
<arg>${Resposta_API.status_code}</arg>
<arg>${STATUS_CODE}</arg>
<doc>Fails if objects are unequal after converting them to strings.</doc>
<msg timestamp="20220131 16:07:37.183" level="INFO">Argument types are:
&lt;class 'int'&gt;
&lt;type 'unicode'&gt;</msg>
<status status="PASS" starttime="20220131 16:07:37.182" endtime="20220131 16:07:37.183"/>
</kw>
<status status="PASS" starttime="20220131 16:07:37.181" endtime="20220131 16:07:37.183"/>
</kw>
<kw name="Conferir reason" library="ResourceAPI">
<arg>OK</arg>
<kw name="Should Be Equal As Strings" library="BuiltIn">
<arg>${Resposta_API.reason}</arg>
<arg>${REASON}</arg>
<doc>Fails if objects are unequal after converting them to strings.</doc>
<status status="PASS" starttime="20220131 16:07:37.184" endtime="20220131 16:07:37.184"/>
</kw>
<status status="PASS" starttime="20220131 16:07:37.183" endtime="20220131 16:07:37.185"/>
</kw>
<kw name="Conferir se cadastrou as informações do livro &quot;2323&quot; de forma correta" library="ResourceAPI" sourcename="Conferir se cadastrou as informações do livro ${ID_LIVRO} de forma correta">
<kw name="Dictionary Should Contain Item" library="Collections">
<arg>${Resposta_API.json()}</arg>
<arg>id</arg>
<arg>${BOOK_2323.id}</arg>
<doc>An item of ``key`` / ``value`` must be found in a ``dictionary``.</doc>
<status status="PASS" starttime="20220131 16:07:37.186" endtime="20220131 16:07:37.186"/>
</kw>
<kw name="Dictionary Should Contain Item" library="Collections">
<arg>${Resposta_API.json()}</arg>
<arg>title</arg>
<arg>${BOOK_2323.title}</arg>
<doc>An item of ``key`` / ``value`` must be found in a ``dictionary``.</doc>
<status status="PASS" starttime="20220131 16:07:37.187" endtime="20220131 16:07:37.187"/>
</kw>
<kw name="Dictionary Should Contain Item" library="Collections">
<arg>${Resposta_API.json()}</arg>
<arg>description</arg>
<arg>${BOOK_2323.description}</arg>
<doc>An item of ``key`` / ``value`` must be found in a ``dictionary``.</doc>
<status status="PASS" starttime="20220131 16:07:37.187" endtime="20220131 16:07:37.188"/>
</kw>
<kw name="Dictionary Should Contain Item" library="Collections">
<arg>${Resposta_API.json()}</arg>
<arg>pageCount</arg>
<arg>${BOOK_2323.pageCount}</arg>
<doc>An item of ``key`` / ``value`` must be found in a ``dictionary``.</doc>
<status status="PASS" starttime="20220131 16:07:37.188" endtime="20220131 16:07:37.189"/>
</kw>
<kw name="Dictionary Should Contain Item" library="Collections">
<arg>${Resposta_API.json()}</arg>
<arg>excerpt</arg>
<arg>${BOOK_2323.excerpt}</arg>
<doc>An item of ``key`` / ``value`` must be found in a ``dictionary``.</doc>
<status status="PASS" starttime="20220131 16:07:37.189" endtime="20220131 16:07:37.190"/>
</kw>
<kw name="Dictionary Should Contain Item" library="Collections">
<arg>${Resposta_API.json()}</arg>
<arg>publishDate</arg>
<arg>${BOOK_2323.publishDate}</arg>
<doc>An item of ``key`` / ``value`` must be found in a ``dictionary``.</doc>
<status status="PASS" starttime="20220131 16:07:37.190" endtime="20220131 16:07:37.191"/>
</kw>
<status status="PASS" starttime="20220131 16:07:37.185" endtime="20220131 16:07:37.191"/>
</kw>
<status status="PASS" starttime="20220131 16:07:36.947" endtime="20220131 16:07:37.193"/>
</test>
<test id="s1-t4" name="PUT">
<kw name="Alterar um livro" library="ResourceAPI">
<kw name="Create Dictionary" library="BuiltIn">
<var>${HEADERS}</var>
<arg>content-type=application/json</arg>
<doc>Creates and returns a dictionary based on the given ``items``.</doc>
<msg timestamp="20220131 16:07:37.196" level="INFO">${HEADERS} = {'content-type': 'application/json'}</msg>
<status status="PASS" starttime="20220131 16:07:37.195" endtime="20220131 16:07:37.196"/>
</kw>
<kw name="Put Request" library="RequestsLibrary">
<var>${Resposta_API}</var>
<arg>fakeAPI</arg>
<arg>Books/10</arg>
<arg>data={"id": 10, "title": "teste", "description": "teste", "pageCount": 44, "excerpt": "teste", "publishDate": "2022-01-31T14:28:34.986Z"}</arg>
<arg>headers=${HEADERS}</arg>
<doc>Send a PUT request on the session object found using the
given `alias`</doc>
<msg timestamp="20220131 16:07:37.421" level="INFO">PUT Request : url=https://fakerestapi.azurewebsites.net/api/v1//Books/10 
 path_url=/api/v1//Books/10 
 headers={'User-Agent': 'python-requests/2.27.1', 'Accept-Encoding': 'gzip, deflate', 'Accept': '*/*', 'Connection': 'keep-alive', 'content-type': 'application/json', 'Content-Length': '132'} 
 body=b'{"id": 10, "title": "teste", "description": "teste", "pageCount": 44, "excerpt": "teste", "publishDate": "2022-01-31T14:28:34.986Z"}' 
 </msg>
<msg timestamp="20220131 16:07:37.421" level="INFO">PUT Response : url=https://fakerestapi.azurewebsites.net/api/v1//Books/10 
 status=200, reason=OK 
 body={"id":10,"title":"teste","description":"teste","pageCount":44,"excerpt":"teste","publishDate":"2022-01-31T14:28:34.986Z"} 
 </msg>
<msg timestamp="20220131 16:07:37.421" level="INFO">C:\Users\Suporte\AppData\Local\Programs\Python\Python310\lib\site-packages\urllib3\connectionpool.py:1043: InsecureRequestWarning: Unverified HTTPS request is being made to host 'fakerestapi.azurewebsites.net'. Adding certificate verification is strongly advised. See: https://urllib3.readthedocs.io/en/1.26.x/advanced-usage.html#ssl-warnings
  warnings.warn(</msg>
<msg timestamp="20220131 16:07:37.422" level="INFO">${Resposta_API} = &lt;Response [200]&gt;</msg>
<status status="PASS" starttime="20220131 16:07:37.196" endtime="20220131 16:07:37.422"/>
</kw>
<kw name="Log" library="BuiltIn">
<arg>${Resposta_API.text}</arg>
<doc>Logs the given message with the given level.</doc>
<msg timestamp="20220131 16:07:37.423" level="INFO">{"id":10,"title":"teste","description":"teste","pageCount":44,"excerpt":"teste","publishDate":"2022-01-31T14:28:34.986Z"}</msg>
<status status="PASS" starttime="20220131 16:07:37.422" endtime="20220131 16:07:37.423"/>
</kw>
<kw name="Set Test Variable" library="BuiltIn">
<arg>${Resposta_API}</arg>
<doc>Makes a variable available everywhere within the scope of the current test.</doc>
<msg timestamp="20220131 16:07:37.424" level="INFO">${Resposta_API} = &lt;Response [200]&gt;</msg>
<status status="PASS" starttime="20220131 16:07:37.423" endtime="20220131 16:07:37.424"/>
</kw>
<status status="PASS" starttime="20220131 16:07:37.195" endtime="20220131 16:07:37.424"/>
</kw>
<kw name="Conferir Status Code" library="ResourceAPI">
<arg>200</arg>
<kw name="Should Be Equal As Strings" library="BuiltIn">
<arg>${Resposta_API.status_code}</arg>
<arg>${STATUS_CODE}</arg>
<doc>Fails if objects are unequal after converting them to strings.</doc>
<msg timestamp="20220131 16:07:37.425" level="INFO">Argument types are:
&lt;class 'int'&gt;
&lt;type 'unicode'&gt;</msg>
<status status="PASS" starttime="20220131 16:07:37.425" endtime="20220131 16:07:37.425"/>
</kw>
<status status="PASS" starttime="20220131 16:07:37.424" endtime="20220131 16:07:37.425"/>
</kw>
<kw name="Conferir reason" library="ResourceAPI">
<arg>OK</arg>
<kw name="Should Be Equal As Strings" library="BuiltIn">
<arg>${Resposta_API.reason}</arg>
<arg>${REASON}</arg>
<doc>Fails if objects are unequal after converting them to strings.</doc>
<status status="PASS" starttime="20220131 16:07:37.426" endtime="20220131 16:07:37.427"/>
</kw>
<status status="PASS" starttime="20220131 16:07:37.426" endtime="20220131 16:07:37.427"/>
</kw>
<kw name="Conferir se retorna todos os dados alterados do livro &quot;10&quot;" library="ResourceAPI" sourcename="Conferir se retorna todos os dados alterados do livro ${ID_LIVRO}">
<kw name="Dictionary Should Contain Item" library="Collections">
<arg>${Resposta_API.json()}</arg>
<arg>id</arg>
<arg>10</arg>
<doc>An item of ``key`` / ``value`` must be found in a ``dictionary``.</doc>
<status status="PASS" starttime="20220131 16:07:37.428" endtime="20220131 16:07:37.428"/>
</kw>
<kw name="Dictionary Should Contain Item" library="Collections">
<arg>${Resposta_API.json()}</arg>
<arg>title</arg>
<arg>teste</arg>
<doc>An item of ``key`` / ``value`` must be found in a ``dictionary``.</doc>
<status status="PASS" starttime="20220131 16:07:37.428" endtime="20220131 16:07:37.429"/>
</kw>
<kw name="Dictionary Should Contain Item" library="Collections">
<arg>${Resposta_API.json()}</arg>
<arg>description</arg>
<arg>teste</arg>
<doc>An item of ``key`` / ``value`` must be found in a ``dictionary``.</doc>
<status status="PASS" starttime="20220131 16:07:37.429" endtime="20220131 16:07:37.430"/>
</kw>
<kw name="Dictionary Should Contain Item" library="Collections">
<arg>${Resposta_API.json()}</arg>
<arg>pageCount</arg>
<arg>44</arg>
<doc>An item of ``key`` / ``value`` must be found in a ``dictionary``.</doc>
<status status="PASS" starttime="20220131 16:07:37.430" endtime="20220131 16:07:37.430"/>
</kw>
<kw name="Dictionary Should Contain Item" library="Collections">
<arg>${Resposta_API.json()}</arg>
<arg>excerpt</arg>
<arg>teste</arg>
<doc>An item of ``key`` / ``value`` must be found in a ``dictionary``.</doc>
<status status="PASS" starttime="20220131 16:07:37.430" endtime="20220131 16:07:37.431"/>
</kw>
<kw name="Dictionary Should Contain Item" library="Collections">
<arg>${Resposta_API.json()}</arg>
<arg>publishDate</arg>
<arg>2022-01-31T14:28:34.986Z</arg>
<doc>An item of ``key`` / ``value`` must be found in a ``dictionary``.</doc>
<status status="PASS" starttime="20220131 16:07:37.431" endtime="20220131 16:07:37.431"/>
</kw>
<status status="PASS" starttime="20220131 16:07:37.427" endtime="20220131 16:07:37.432"/>
</kw>
<status status="PASS" starttime="20220131 16:07:37.195" endtime="20220131 16:07:37.432"/>
</test>
<test id="s1-t5" name="DELETE">
<kw name="Deletar um livro" library="ResourceAPI">
<kw name="Delete Request" library="RequestsLibrary">
<var>${Resposta_API}</var>
<arg>fakeAPI</arg>
<arg>Books/150</arg>
<doc>Send a DELETE request on the session object found using the
given `alias`</doc>
<msg timestamp="20220131 16:07:37.662" level="INFO">DELETE Request : url=https://fakerestapi.azurewebsites.net/api/v1//Books/150 
 path_url=/api/v1//Books/150 
 headers={'User-Agent': 'python-requests/2.27.1', 'Accept-Encoding': 'gzip, deflate', 'Accept': '*/*', 'Connection': 'keep-alive', 'Content-Length': '0'} 
 body=None 
 </msg>
<msg timestamp="20220131 16:07:37.662" level="INFO">DELETE Response : url=https://fakerestapi.azurewebsites.net/api/v1//Books/150 
 status=200, reason=OK 
 body=None 
 </msg>
<msg timestamp="20220131 16:07:37.662" level="INFO">C:\Users\Suporte\AppData\Local\Programs\Python\Python310\lib\site-packages\urllib3\connectionpool.py:1043: InsecureRequestWarning: Unverified HTTPS request is being made to host 'fakerestapi.azurewebsites.net'. Adding certificate verification is strongly advised. See: https://urllib3.readthedocs.io/en/1.26.x/advanced-usage.html#ssl-warnings
  warnings.warn(</msg>
<msg timestamp="20220131 16:07:37.664" level="INFO">${Resposta_API} = &lt;Response [200]&gt;</msg>
<status status="PASS" starttime="20220131 16:07:37.434" endtime="20220131 16:07:37.664"/>
</kw>
<kw name="Set Test Variable" library="BuiltIn">
<arg>${Resposta_API}</arg>
<doc>Makes a variable available everywhere within the scope of the current test.</doc>
<msg timestamp="20220131 16:07:37.665" level="INFO">${Resposta_API} = &lt;Response [200]&gt;</msg>
<status status="PASS" starttime="20220131 16:07:37.664" endtime="20220131 16:07:37.665"/>
</kw>
<status status="PASS" starttime="20220131 16:07:37.434" endtime="20220131 16:07:37.665"/>
</kw>
<kw name="Conferir Status Code" library="ResourceAPI">
<arg>200</arg>
<kw name="Should Be Equal As Strings" library="BuiltIn">
<arg>${Resposta_API.status_code}</arg>
<arg>${STATUS_CODE}</arg>
<doc>Fails if objects are unequal after converting them to strings.</doc>
<msg timestamp="20220131 16:07:37.667" level="INFO">Argument types are:
&lt;class 'int'&gt;
&lt;type 'unicode'&gt;</msg>
<status status="PASS" starttime="20220131 16:07:37.666" endtime="20220131 16:07:37.667"/>
</kw>
<status status="PASS" starttime="20220131 16:07:37.666" endtime="20220131 16:07:37.667"/>
</kw>
<kw name="Conferir reason" library="ResourceAPI">
<arg>OK</arg>
<kw name="Should Be Equal As Strings" library="BuiltIn">
<arg>${Resposta_API.reason}</arg>
<arg>${REASON}</arg>
<doc>Fails if objects are unequal after converting them to strings.</doc>
<status status="PASS" starttime="20220131 16:07:37.668" endtime="20220131 16:07:37.668"/>
</kw>
<status status="PASS" starttime="20220131 16:07:37.667" endtime="20220131 16:07:37.668"/>
</kw>
<kw name="Conferir se deleta o livro &quot;150&quot; (response body vazio)" library="ResourceAPI" sourcename="Conferir se deleta o livro ${ID_LIVRO} (response body vazio)">
<kw name="Should Be Empty" library="BuiltIn">
<arg>${Resposta_API.content}</arg>
<doc>Verifies that the given item is empty.</doc>
<msg timestamp="20220131 16:07:37.670" level="INFO">Length is 0</msg>
<status status="PASS" starttime="20220131 16:07:37.669" endtime="20220131 16:07:37.670"/>
</kw>
<status status="PASS" starttime="20220131 16:07:37.669" endtime="20220131 16:07:37.670"/>
</kw>
<status status="PASS" starttime="20220131 16:07:37.434" endtime="20220131 16:07:37.671"/>
</test>
<doc>Documentação da API: https://fakerestapi.azurewebsites.net/api/v1/books</doc>
<status status="PASS" starttime="20220131 16:07:33.882" endtime="20220131 16:07:37.672"/>
</suite>
<statistics>
<total>
<stat pass="5" fail="0" skip="0">All Tests</stat>
</total>
<tag>
</tag>
<suite>
<stat pass="5" fail="0" skip="0" id="s1" name="TestCasesAPIBooks">TestCasesAPIBooks</stat>
</suite>
</statistics>
<errors>
</errors>
</robot>
